#
# There is insufficient memory for the Java Runtime Environment to continue.
# Native memory allocation (malloc) failed to allocate 131088 bytes. Error detail: Chunk::new
# Possible reasons:
#   The system is out of physical RAM or swap space
#   This process is running with CompressedOops enabled, and the Java Heap may be blocking the growth of the native heap
# Possible solutions:
#   Reduce memory load on the system
#   Increase physical memory or swap space
#   Check if swap backing store is full
#   Decrease Java heap size (-Xmx/-Xms)
#   Decrease number of Java threads
#   Decrease Java thread stack sizes (-Xss)
#   Set larger code cache with -XX:ReservedCodeCacheSize=
#   JVM is running with Unscaled Compressed Oops mode in which the Java heap is
#     placed in the first 4GB address space. The Java Heap base address is the
#     maximum limit for the native heap growth. Please use -XX:HeapBaseMinAddress
#     to set the Java Heap base and to place the Java Heap above 4GB virtual address.
# This output file may be truncated or incomplete.
#
#  Out of Memory Error (arena.cpp:191), pid=19312, tid=13996
#
# JRE version: OpenJDK Runtime Environment Temurin-17.0.14+7 (17.0.14+7) (build 17.0.14+7)
# Java VM: OpenJDK 64-Bit Server VM Temurin-17.0.14+7 (17.0.14+7, mixed mode, tiered, compressed oops, compressed class ptrs, g1 gc, windows-amd64)
# No core dump will be written. Minidumps are not enabled by default on client versions of Windows
#

---------------  S U M M A R Y ------------

Command Line: -Dgroovy.home=C:\Users\tiago/.groovy -Djava.system.class.loader=groovy.lang.GroovyClassLoader -Xmx2048m -Dfile.encoding=UTF-8 -Dstdout.encoding=UTF-8 -Dstderr.encoding=UTF-8 -XX:+ShowCodeDetailsInExceptionMessages org.codehaus.groovy.tools.GroovyStarter --classpath C:\Users\tiago\Desktop\TAES\TAES_PROJECT_G4_TESTS\bin\keyword;C:\Users\tiago\Desktop\TAES\TAES_PROJECT_G4_TESTS\Keywords;C:\Users\tiago\Desktop\TAES\TAES_PROJECT_G4_TESTS\bin\listener;C:\Users\tiago\Desktop\TAES\TAES_PROJECT_G4_TESTS\Test Listeners;C:\Users\tiago\Desktop\TAES\TAES_PROJECT_G4_TESTS\bin\lib;C:\Users\tiago\Desktop\TAES\TAES_PROJECT_G4_TESTS\Libs;C:\Users\tiago\Desktop\TAES\TAES_PROJECT_G4_TESTS\bin\groovy;C:\Users\tiago\Desktop\TAES\TAES_PROJECT_G4_TESTS\Include\scripts\groovy;C:\Users\tiago\.katalon\packages\KSE-10.3.2\plugins\com.kms.katalon.core_1.0.0.202509300508.jar;C:\Users\tiago\.katalon\packages\KSE-10.3.2\configuration\resources\lib\aalto-xml-1.0.0.jar;C:\Users\tiago\.katalon\packages\KSE-10.3.2\configuration\resources\lib\aspectjweaver-1.9.1.jar;C:\Users\tiago\.katalon\packages\KSE-10.3.2\configuration\resources\lib\aws-2.20.3-fat.jar;C:\Users\tiago\.katalon\packages\KSE-10.3.2\configuration\resources\lib\browsermob-core-2.1.5.jar;C:\Users\tiago\.katalon\packages\KSE-10.3.2\configuration\resources\lib\byte-buddy-1.14.3.jar;C:\Users\tiago\.katalon\packages\KSE-10.3.2\configuration\resources\lib\byte-buddy-agent-1.14.3.jar;C:\Users\tiago\.katalon\packages\KSE-10.3.2\configuration\resources\lib\cglib-3.2.10.jar;C:\Users\tiago\.katalon\packages\KSE-10.3.2\configuration\resources\lib\commons-codec-1.10.jar;C:\Users\tiago\.katalon\packages\KSE-10.3.2\configuration\resources\lib\commons-collections4-4.1.jar;C:\Users\tiago\.katalon\packages\KSE-10.3.2\configuration\resources\lib\commons-javaflow-20060411.jar;C:\Users\tiago\.katalon\packages\KSE-10.3.2\configuration\resources\lib\commons-logging-1.3.4.jar;C:\Users\tiago\.katalon\packages\KSE-10.3.2\configuration\resources\lib\commons-validator-1.6.jar;C:\Users\tiago\.katalon\packages\KSE-10.3.2\configuration\resources\lib\curvesapi-1.04.jar;C:\Users\tiago\.katalon\packages\KSE-10.3.2\configuration\resources\lib\dnsjava-3.6.2.jar;C:\Users\tiago\.katalon\packages\KSE-10.3.2\configuration\resources\lib\ecj-3.21.0.jar;C:\Users\tiago\.katalon\packages\KSE-10.3.2\configuration\resources\lib\fontbox-3.0.4.jar;C:\Users\tiago\.katalon\packages\KSE-10.3.2\configuration\resources\lib\groovy-3.0.17.jar;C:\Users\tiago\.katalon\packages\KSE-10.3.2\configuration\resources\lib\jackson-coreutils-2.0.jar;C:\Users\tiago\.katalon\packages\KSE-10.3.2\configuration\resources\lib\jackson-coreutils-equivalence-1.0.jar;C:\Users\tiago\.katalon\packages\KSE-10.3.2\configuration\resources\lib\jasperreports-6.20.5.jar;C:\Users\tiago\.katalon\packages\KSE-10.3.2\configuration\resources\lib\jasperreports-fonts-6.20.5.jar;C:\Users\tiago\.katalon\packages\KSE-10.3.2\configuration\resources\lib\java-client-9.2.3.jar;C:\Users\tiago\.katalon\packages\KSE-10.3.2\configuration\resources\lib\javax.servlet-api_3.1.0.jar;C:\Users\tiago\.katalon\packages\KSE-10.3.2\configuration\resources\lib\jna-5.12.1.jar;C:\Users\tiago\.katalon\packages\KSE-10.3.2\configuration\resources\lib\jna-platform-5.12.1.jar;C:\Users\tiago\.katalon\packages\KSE-10.3.2\configuration\resources\lib\json-schema-core-1.2.14.jar;C:\Users\tiago\.katalon\packages\KSE-10.3.2\configuration\resources\lib\json-schema-validator-2.2.14.jar;C:\Users\tiago\.katalon\packages\KSE-10.3.2\configuration\resources\lib\jzlib-1.1.3.jar;C:\Users\tiago\.katalon\packages\KSE-10.3.2\configuration\resources\lib\kat-server.jar;C:\Users\tiago\.katalon\packages\KSE-10.3.2\configuration\resources\lib\littleproxy-1.1.0-beta-bmp-17.jar;C:\Users\tiago\.katalon\packages\KSE-10.3.2\configuration\resources\lib\log4j-1.2-api-2.17.1.jar;C:\Users\tiago\.katalon\packages\KSE-10.3.2\configuration\resources\lib\log4j-api-2.17.1.jar;C:\Users\tiago\.katalon\packages\KSE-10.3.2\configuration\resources\lib\log4j-core-2.17.1.jar;C:\Users\tiago\.katalon\packages\KSE-10.3.2\configuration\resources\lib\mitm-2.1.5.jar;C:\Users\tiago\.katalon\packages\KSE-10.3.2\configuration\resources\lib\mockito-core-5.2.0.jar;C:\Users\tiago\.katalon\packages\KSE-10.3.2\configuration\resources\lib\mockito-inline-5.2.0.jar;C:\Users\tiago\.katalon\packages\KSE-10.3.2\configuration\resources\lib\objenesis-3.3.jar;C:\Users\tiago\.katalon\packages\KSE-10.3.2\configuration\resources\lib\openpdf-1.3.30.jaspersoft.2.jar;C:\Users\tiago\.katalon\packages\KSE-10.3.2\configuration\resources\lib\pdfbox-3.0.4.jar;C:\Users\tiago\.katalon\packages\KSE-10.3.2\configuration\resources\lib\pdfbox-io-3.0.4.jar;C:\Users\tiago\.katalon\packages\KSE-10.3.2\configuration\resources\lib\poi-3.17.jar;C:\Users\tiago\.katalon\packages\KSE-10.3.2\configuration\resources\lib\poi-ooxml-3.17.jar;C:\Users\tiago\.katalon\packages\KSE-10.3.2\configuration\resources\lib\poi-ooxml-schemas-3.17.jar;C:\Users\tiago\.katalon\packages\KSE-10.3.2\configuration\resources\lib\proxy-vole-1.1.5-jar-with-dependencies.jar;C:\Users\tiago\.katalon\packages\KSE-10.3.2\configuration\resources\lib\repackaged-sikuli-api-1.0.2-standalone.jar;C:\Users\tiago\.katalon\packages\KSE-10.3.2\configuration\resources\lib\selenium-shutterbug-1.1.jar;C:\Users\tiago\.katalon\packages\KSE-10.3.2\configuration\resources\lib\soap-builder-1.0.0.jar;C:\Users\tiago\.katalon\packages\KSE-10.3.2\configuration\resources\lib\soap-common-1.0.0.jar;C:\Users\tiago\.katalon\packages\KSE-10.3.2\configuration\resources\lib\soap-legacy-1.0.0.jar;C:\Users\tiago\.katalon\packages\KSE-10.3.2\configuration\resources\lib\spring-context-5.3.19.jar;C:\Users\tiago\.katalon\packages\KSE-10.3.2\configuration\resources\lib\stax2-api-4.0.0.jar;C:\Users\tiago\.katalon\packages\KSE-10.3.2\configuration\resources\lib\su.jar;C:\Users\tiago\.katalon\packages\KSE-10.3.2\configuration\resources\lib\swagger-parser-1.0.67-fat.jar;C:\Users\tiago\.katalon\packages\KSE-10.3.2\configuration\resources\lib\uri-template-0.1.jar;C:\Users\tiago\.katalon\packages\KSE-10.3.2\configuration\resources\lib\wadl.jar;C:\Users\tiago\.katalon\packages\KSE-10.3.2\configuration\resources\lib\xmlbeans-3.1.0.jar;C:\Users\tiago\.katalon\packages\KSE-10.3.2\plugins\net.sf.supercsv.super-csv_2.4.0.jar;C:\Users\tiago\.katalon\packages\KSE-10.3.2\plugins\org.apache.commons.commons-io_2.17.0.jar;C:\Users\tiago\.katalon\packages\KSE-10.3.2\plugins\org.apache.commons.lang_2.6.0.jar;C:\Users\tiago\.katalon\packages\KSE-10.3.2\plugins\com.google.gson_2.11.0.jar;C:\Users\tiago\.katalon\packages\KSE-10.3.2\plugins\org.jsoup_1.14.3.jar;C:\Users\tiago\.katalon\packages\KSE-10.3.2\plugins\org.apache.commons.dbutils_1.6.0.jar;C:\Users\tiago\.katalon\packages\KSE-10.3.2\plugins\com.oracle.database.jdbc.ojdbc11_21.18.0.0.jar;C:\Users\tiago\.katalon\packages\KSE-10.3.2\plugins\org.postgresql.jdbc_42.7.7.jar;c:\Users\tiago\.katalon\packages\KSE-10.3.2\plugins\org.eclipse.osgi_3.22.0.v20241030-2121.jar;C:\Users\tiago\.katalon\packages\KSE-10.3.2\plugins\com.kms.katalon.constant_1.0.0.202509300508.jar;C:\Users\tiago\.katalon\packages\KSE-10.3.2\plugins\org.eclipse.persistence.eclipselink_2.7.11.jar;C:\Users\tiago\.katalon\packages\KSE-10.3.2\plugins\com.kms.katalon.selenium-standalone_1.0.0.202509300508.jar;C:\Users\tiago\.katalon\packages\KSE-10.3.2\plugins\atu.testrecorder.screen-recorder_2.1.0.jar;C:\Users\tiago\.katalon\packages\KSE-10.3.2\plugins\com.google.guava_33.4.0.jre.jar;C:\Users\tiago\.katalon\packages\KSE-10.3.2\plugins\com.kms.katalon.util_1.0.0.202509300508.jar;C:\Users\tiago\.katalon\packages\KSE-10.3.2\plugins\org.apache.httpcomponents.httpclient_4.5.14.jar;C:\Users\tiago\.katalon\packages\KSE-10.3.2\plugins\org.apache.httpcomponents.httpcore_4.4.16.jar;C:\Users\tiago\.katalon\packages\KSE-10.3.2\plugins\org.apache.httpcomponents.httpmime_4.5.13.jar;C:\Users\tiago\.katalon\packages\KSE-10.3.2\plugins\org.apache.commons.lang3_3.17.0.jar;C:\Users\tiago\.katalon\packages\KSE-10.3.2\plugins\org.greenrobot.eventbus_3.1.1.jar;C:\Users\tiago\.katalon\packages\KSE-10.3.2\plugins\net.bytebuddy.byte-buddy_1.15.11.jar;C:\Users\tiago\.katalon\packages\KSE-10.3.2\plugins\org.junit_4.13.2.v20230809-1000.jar;C:\Users\tiago\.katalon\packages\KSE-10.3.2\plugins\com.fasterxml.jackson.core.jackson-databind_2.18.4.jar;C:\Users\tiago\.katalon\packages\KSE-10.3.2\plugins\com.fasterxml.jackson.core.jackson-core_2.18.4.jar;C:\Users\tiago\.katalon\packages\KSE-10.3.2\plugins\com.fasterxml.jackson.core.jackson-annotations_2.18.4.jar;C:\Users\tiago\.katalon\packages\KSE-10.3.2\plugins\slf4j.api_2.0.16.jar;C:\Users\tiago\.katalon\packages\KSE-10.3.2\plugins\org.fusesource.jansi_1.17.1.jar;C:\Users\tiago\.katalon\packages\KSE-10.3.2\plugins\com.kms.katalon.netlightbody_1.0.0.202509300508.jar;C:\Users\tiago\.katalon\packages\KSE-10.3.2\plugins\com.kms.katalon.poi_1.0.0.202509300508.jar;C:\Users\tiago\.katalon\packages\KSE-10.3.2\plugins\org.apache.commons.commons-text_1.10.0.jar;C:\Users\tiago\.katalon\packages\KSE-10.3.2\plugins\com.kms.katalon.proxyvole_1.0.0.202509300508.jar;C:\Users\tiago\.katalon\packages\KSE-10.3.2\plugins\com.microsoft.sqlserver.mssql-jdbc_12.6.4.jar;C:\Users\tiago\.katalon\packages\KSE-10.3.2\plugins\com.github.kklisura.cdt.java-client_2.1.0.jar;C:\Users\tiago\.katalon\packages\KSE-10.3.2\plugins\javax.websocket-api_1.1.0.jar;C:\Users\tiago\.katalon\packages\KSE-10.3.2\plugins\org.glassfish.tyrus.container-grizzly-client_1.13.1.jar;C:\Users\tiago\.katalon\packages\KSE-10.3.2\plugins\org.glassfish.grizzly.http-server_2.3.25.jar;C:\Users\tiago\.katalon\packages\KSE-10.3.2\plugins\org.glassfish.grizzly.framework_2.3.25.jar;C:\Users\tiago\.katalon\packages\KSE-10.3.2\plugins\org.glassfish.grizzly.http_2.3.25.jar;C:\Users\tiago\.katalon\packages\KSE-10.3.2\plugins\org.glassfish.tyrus.client_1.13.1.jar;C:\Users\tiago\.katalon\packages\KSE-10.3.2\plugins\org.glassfish.tyrus.core_1.13.1.jar;C:\Users\tiago\.katalon\packages\KSE-10.3.2\plugins\org.glassfish.tyrus.spi_1.13.1.jar;C:\Users\tiago\.katalon\packages\KSE-10.3.2\plugins\javassist_3.28.0.GA.jar;C:\Users\tiago\.katalon\packages\KSE-10.3.2\plugins\graphql-java_22.3.0.jar;C:\Users\tiago\.katalon\packages\KSE-10.3.2\plugins\org.glassfish.jaxb.runtime_2.3.6.jar;C:\Users\tiago\.katalon\packages\KSE-10.3.2\plugins\org.glassfish.jaxb.txw2_2.3.6.jar;C:\Users\tiago\.katalon\packages\KSE-10.3.2\plugins\org.dom4j_2.1.4.jar;C:\Users\tiago\.katalon\packages\KSE-10.3.2\plugins\com.kms.katalon.groovy-extended_1.0.0.202509300508.jar;C:\Users\tiago\.katalon\packages\KSE-10.3.2\plugins\com.sun.activation.javax.activation_1.2.0.jar;C:\Users\tiago\.katalon\packages\KSE-10.3.2\plugins\jakarta.xml.bind-api_4.0.2.jar;C:\Users\tiago\.katalon\packages\KSE-10.3.2\plugins\org.eclipse.jface_3.35.100.v20241003-1431.jar;C:\Users\tiago\.katalon\packages\KSE-10.3.2\plugins\com.kms.katalon.logging_1.0.0.202509300508.jar;C:\Users\tiago\.katalon\packages\KSE-10.3.2\plugins\json_20240303.0.0.jar;C:\Users\tiago\.katalon\packages\KSE-10.3.2\plugins\assertj-core_3.25.3.jar;C:\Users\tiago\.katalon\packages\KSE-10.3.2\plugins\com.networknt.json-schema-validator_1.5.7.jar;C:\Users\tiago\.katalon\packages\KSE-10.3.2\plugins\com.kms.katalon.network.apache_1.0.0.202509300508.jar;C:\Users\tiago\.katalon\packages\KSE-10.3.2\plugins\com.kms.katalon.network.core_1.0.0.202509300508.jar;C:\Users\tiago\.katalon\packages\KSE-10.3.2\plugins\java-dataloader_3.3.0.jar;C:\Users\tiago\.katalon\packages\KSE-10.3.2\plugins\org.apache.commons.collections_3.2.2.v201511171945.jar;C:\Users\tiago\.katalon\packages\KSE-10.3.2\plugins\org.apache.commons.commons-collections4_4.4.0.jar;C:\Users\tiago\.katalon\packages\KSE-10.3.2\plugins\org.apache.commons.digester_2.1.0.jar;C:\Users\tiago\.katalon\packages\KSE-10.3.2\plugins\stax2-api_4.2.2.jar;C:\Users\tiago\.katalon\packages\KSE-10.3.2\plugins\com.fasterxml.woodstox.woodstox-core_6.6.2.jar;C:\Users\tiago\.katalon\packages\KSE-10.3.2\plugins\org.apache.commons.logging_1.2.0.v20180409-1502.jar;C:\Users\tiago\.katalon\packages\KSE-10.3.2\plugins\com.kms.katalon.report.core_1.0.0.202509300508.jar;C:\Users\tiago\.katalon\packages\KSE-10.3.2\plugins\org.apache.commons.commons-beanutils_1.9.4.jar;C:\Users\tiago\.katalon\packages\KSE-10.3.2\plugins\org.seleniumhq.selenium.selenium-api_4.28.1.jar;C:\Users\tiago\.katalon\packages\KSE-10.3.2\plugins\org.seleniumhq.selenium.selenium-remote-driver_4.28.1.jar;C:\Users\tiago\.katalon\packages\KSE-10.3.2\plugins\org.seleniumhq.selenium.selenium-http_4.28.1.jar;C:\Users\tiago\.katalon\packages\KSE-10.3.2\plugins\ch.qos.logback.classic_1.3.15.jar;C:\Users\tiago\.katalon\packages\KSE-10.3.2\plugins\ch.qos.logback.core_1.3.15.jar;C:\Users\tiago\.katalon\packages\KSE-10.3.2\plugins\log4j.over.slf4j_1.7.36.jar;C:\Users\tiago\.katalon\packages\KSE-10.3.2\plugins\org.hamcrest.core_1.3.0.jar;C:\Users\tiago\.katalon\packages\KSE-10.3.2\plugins\org.beanshell.bsh_2.0.0.0b4.jar;C:\Users\tiago\.katalon\packages\KSE-10.3.2\plugins\org.apache.ant.launcher_1.9.6.jar;C:\Users\tiago\.katalon\packages\KSE-10.3.2\plugins\org.seleniumhq.selenium.selenium-chrome-driver_4.28.1.jar;C:\Users\tiago\.katalon\packages\KSE-10.3.2\plugins\org.seleniumhq.selenium.selenium-chromium-driver_4.28.1.jar;C:\Users\tiago\.katalon\packages\KSE-10.3.2\plugins\org.seleniumhq.selenium.selenium-edge-driver_4.28.1.jar;C:\Users\tiago\.katalon\packages\KSE-10.3.2\plugins\org.seleniumhq.selenium.selenium-firefox-driver_4.28.1.jar;C:\Users\tiago\.katalon\packages\KSE-10.3.2\plugins\org.seleniumhq.selenium.selenium-safari-driver_4.28.1.jar;C:\Users\tiago\.katalon\packages\KSE-10.3.2\plugins\org.seleniumhq.selenium.selenium-ie-driver_4.28.1.jar;C:\Users\tiago\.katalon\packages\KSE-10.3.2\plugins\org.seleniumhq.selenium.selenium-manager_4.28.1.jar;C:\Users\tiago\.katalon\packages\KSE-10.3.2\plugins\org.seleniumhq.selenium.selenium-json_4.28.1.jar;C:\Users\tiago\.katalon\packages\KSE-10.3.2\plugins\com.kms.katalon.core.appium_1.0.0.202509300508.jar;C:\Users\tiago\.katalon\packages\KSE-10.3.2\plugins\com.kms.katalon.api_1.0.0.202509300508.jar;C:\Users\tiago\.katalon\packages\KSE-10.3.2\plugins\org.seleniumhq.selenium.selenium-os_4.28.1.jar;C:\Users\tiago\.katalon\packages\KSE-10.3.2\plugins\org.eclipse.e4.core.contexts_1.13.0.v20241014-2013.jar;C:\Users\tiago\.katalon\packages\KSE-10.3.2\plugins\org.eclipse.e4.core.services_2.5.0.v20241015-2219.jar;C:\Users\tiago\.katalon\packages\KSE-10.3.2\plugins\org.eclipse.osgi.services_3.12.100.v20240327-0645.jar;C:\Users\tiago\.katalon\packages\KSE-10.3.2\plugins\org.eclipse.equinox.common_3.19.200.v20241004-0654.jar;C:\Users\tiago\.katalon\packages\KSE-10.3.2\plugins\com.kms.katalon.platform.core_1.0.0.202509300508.jar;C:\Users\tiago\.katalon\packages\KSE-10.3.2\plugins\com.kms.katalon.common_1.0.0.202509300508.jar;C:\Users\tiago\.katalon\packages\KSE-10.3.2\plugins\com.kms.katalon.session.core_1.0.0.202509300508.jar;C:\Users\tiago\.katalon\packages\KSE-10.3.2\plugins\org.eclipse.e4.core.di_1.9.500.v20240606-1236.jar;C:\Users\tiago\.katalon\packages\KSE-10.3.2\plugins\com.kms.katalon.execution.core_1.0.0.202509300508.jar;C:\Users\tiago\.katalon\packages\KSE-10.3.2\plugins\org.eclipse.equinox.registry_3.12.200.v20241004-0654.jar;C:\Users\tiago\.katalon\packages\KSE-10.3.2\plugins\dev.failsafe_3.3.2.jar;C:\Users\tiago\.katalon\packages\KSE-10.3.2\plugins\com.fasterxml.jackson.datatype.jackson-datatype-jsr310_2.17.2.jar;C:\Users\tiago\.katalon\packages\KSE-10.3.2\plugins\org.eclipse.e4.core.di.annotations_1.8.400.v20240413-1529.jar;C:\Users\tiago\.katalon\packages\KSE-10.3.2\plugins\com.kms.katalon.core.webui_1.0.0.202509300508.jar;C:\Users\tiago\.katalon\packages\KSE-10.3.2\plugins\org.seleniumhq.selenium.selenium-support_4.28.1.jar;C:\Users\tiago\.katalon\packages\KSE-10.3.2\plugins\org.seleniumhq.selenium.selenium-devtools-v138_4.34.0.jar;C:\Users\tiago\.katalon\packages\KSE-10.3.2\plugins\com.kms.katalon.core.mobile_1.0.0.202509300508.jar;C:\Users\tiago\.katalon\packages\KSE-10.3.2\plugins\org.apache.commons.commons-validator_1.7.0.jar;C:\Users\tiago\.katalon\packages\KSE-10.3.2\plugins\org.xmlunit.xmlunit-core_2.10.3.jar;C:\Users\tiago\.katalon\packages\KSE-10.3.2\plugins\com.kms.katalon.core.cucumber_1.0.0.202509300508.jar;C:\Users\tiago\.katalon\packages\KSE-10.3.2\plugins\io.cucumber.core_3.0.3.jar;C:\Users\tiago\.katalon\packages\KSE-10.3.2\plugins\io.cucumber.datatable_1.1.16.jar;C:\Users\tiago\.katalon\packages\KSE-10.3.2\plugins\io.cucumber.datatable-dependencies_1.1.16.jar;C:\Users\tiago\.katalon\packages\KSE-10.3.2\plugins\io.cucumber.expressions_5.0.19.jar;C:\Users\tiago\.katalon\packages\KSE-10.3.2\plugins\io.cucumber.gherkin_5.0.0.jar;C:\Users\tiago\.katalon\packages\KSE-10.3.2\plugins\io.cucumber.html_0.2.7.jar;C:\Users\tiago\.katalon\packages\KSE-10.3.2\plugins\io.cucumber.java_3.0.3.jar;C:\Users\tiago\.katalon\packages\KSE-10.3.2\plugins\io.cucumber.tag-expressions_1.1.1.jar;C:\Users\tiago\.katalon\packages\KSE-10.3.2\plugins\io.cucumber.junit_3.0.3.jar;C:\Users\tiago\.katalon\packages\KSE-10.3.2\plugins\com.kms.katalon.core.webservice_1.0.0.202509300508.jar;C:\Users\tiago\.katalon\packages\KSE-10.3.2\plugins\wsdl4j_1.6.2.jar;C:\Users\tiago\.katalon\packages\KSE-10.3.2\plugins\com.google.oauth-client.google-oauth-client_1.22.0.jar;C:\Users\tiago\.katalon\packages\KSE-10.3.2\plugins\com.google.http-client.google-http-client_1.22.0.jar;C:\Users\tiago\.katalon\packages\KSE-10.3.2\plugins\com.kms.katalon.preferences_1.0.0.202509300508.jar;C:\Users\tiago\.katalon\packages\KSE-10.3.2\plugins\org.apache.xmlbeans_3.1.0.jar;C:\Users\tiago\.katalon\packages\KSE-10.3.2\plugins\com.kms.katalon.entity_1.0.0.202509300508.jar;C:\Users\tiago\.katalon\packages\KSE-10.3.2\plugins\jakarta.xml.ws-api_2.3.3.jar;C:\Users\tiago\.katalon\packages\KSE-10.3.2\plugins\javax.xml.soap-api_1.4.0.jar;C:\Users\tiago\.katalon\packages\KSE-10.3.2\plugins\com.atlassian.oai.swagger-request-validator-core_2.38.0.jar;C:\Users\tiago\.katalon\packages\KSE-10.3.2\plugins\io.swagger.compat-spec-parser_1.0.67.jar;C:\Users\tiago\.katalon\packages\KSE-10.3.2\plugins\io.swagger.core.v3.swagger-annotations_2.2.14.jar;C:\Users\tiago\.katalon\packages\KSE-10.3.2\plugins\io.swagger.core.v3.swagger-core_2.2.14.jar;C:\Users\tiago\.katalon\packages\KSE-10.3.2\plugins\io.swagger.core.v3.swagger-models_2.2.14.jar;C:\Users\tiago\.katalon\packages\KSE-10.3.2\plugins\io.swagger.parser.v3.swagger-parser-core_2.1.16.jar;C:\Users\tiago\.katalon\packages\KSE-10.3.2\plugins\io.swagger.parser.v3.swagger-parser-v2-converter_2.1.16.jar;C:\Users\tiago\.katalon\packages\KSE-10.3.2\plugins\com.github.java-json-tools.btf_1.3.0.jar;C:\Users\tiago\.katalon\packages\KSE-10.3.2\plugins\com.fasterxml.jackson.dataformat.jackson-dataformat-yaml_2.18.3.jar;C:\Users\tiago\.katalon\packages\KSE-10.3.2\plugins\org.yaml.snakeyaml_2.3.0.jar;C:\Users\tiago\.katalon\packages\KSE-10.3.2\plugins\com.github.java-json-tools.msg-simple_1.2.0.jar;C:\Users\tiago\.katalon\packages\KSE-10.3.2\plugins\jackson-core-asl_1.9.13.jar;C:\Users\tiago\.katalon\packages\KSE-10.3.2\plugins\joda-time_2.10.5.jar;C:\Users\tiago\.katalon\packages\KSE-10.3.2\plugins\javax.mail-api_1.6.2.jar;C:\Users\tiago\.katalon\packages\KSE-10.3.2\plugins\com.googlecode.libphonenumber_8.11.1.jar;C:\Users\tiago\.katalon\packages\KSE-10.3.2\plugins\com.google.guava.failureaccess_1.0.2.jar;C:\Users\tiago\.katalon\packages\KSE-10.3.2\plugins\io.swagger.parser.v3.swagger-parser_2.1.16.jar;C:\Users\tiago\.katalon\packages\KSE-10.3.2\plugins\io.swagger.parser.v3.swagger-parser-v3_2.1.16.jar;C:\Users\tiago\.katalon\packages\KSE-10.3.2\plugins\io.swagger.parser_1.0.67.jar;C:\Users\tiago\.katalon\packages\KSE-10.3.2\plugins\com.narupley.not-going-to-be-commons-ssl_0.3.20.jar;C:\Users\tiago\.katalon\packages\KSE-10.3.2\plugins\com.kms.katalon.core.windows_1.0.0.202509300508.jar;C:\Users\tiago\.katalon\packages\KSE-10.3.2\plugins\com.sun.jna.platform_5.15.0.jar;C:\Users\tiago\.katalon\packages\KSE-10.3.2\plugins\net.lingala.zip4j_2.11.5.jar;C:\Users\tiago\.katalon\packages\KSE-10.3.2\plugins\com.kms.katalon.core.testng_1.0.0.202509300508.jar;C:\Users\tiago\.katalon\packages\KSE-10.3.2\plugins\org.testng_7.8.0.jar;C:\Users\tiago\.katalon\packages\KSE-10.3.2\plugins\com.beust.jcommander_1.82.0.jar;C:\Users\tiago\.katalon\packages\KSE-10.3.2\plugins\org.codehaus.groovy_3.0.23.v202501010125-e2412\lib\groovy-3.0.23-indy.jar;C:\Users\tiago\.katalon\packages\KSE-10.3.2\plugins\org.codehaus.groovy_3.0.23.v202501010125-e2412\lib\ivy-2.5.2.jar --main groovy.ui.GroovyMain --encoding UTF-8 --indy C:\Users\tiago\Desktop\TAES\TAES_PROJECT_G4_TESTS\Libs\TempTempCase1763681578321.groovy

Host: Intel(R) Core(TM) i5-1035G1 CPU @ 1.00GHz, 8 cores, 7G,  Windows 11 , 64 bit Build 26100 (10.0.26100.7019)
Time: Thu Nov 20 23:33:20 2025 Hora padrão de GMT elapsed time: 21.209615 seconds (0d 0h 0m 21s)

---------------  T H R E A D  ---------------

Current thread (0x000001f8212f42d0):  JavaThread "C2 CompilerThread0" daemon [_thread_in_native, id=13996, stack(0x00000017bd500000,0x00000017bd600000)]


Current CompileTask:
C2:  21209 5659  s!   4       jdk.internal.loader.URLClassPath::getLoader (194 bytes)

Stack: [0x00000017bd500000,0x00000017bd600000]
Native frames: (J=compiled Java code, j=interpreted, Vv=VM code, C=native code)
V  [jvm.dll+0x682eb9]
V  [jvm.dll+0x8399c8]
V  [jvm.dll+0x83b473]
V  [jvm.dll+0x83bae3]
V  [jvm.dll+0x24715f]
V  [jvm.dll+0xace44]
V  [jvm.dll+0xad4dc]
V  [jvm.dll+0xacf54]
V  [jvm.dll+0x6d95dc]
V  [jvm.dll+0x592d07]
V  [jvm.dll+0x579258]
V  [jvm.dll+0x57bbe6]
V  [jvm.dll+0x5852b8]
V  [jvm.dll+0x57eaf0]
V  [jvm.dll+0x58264d]
V  [jvm.dll+0x581d9d]
V  [jvm.dll+0x581c80]
V  [jvm.dll+0x581e0b]
V  [jvm.dll+0x581e0b]
V  [jvm.dll+0x581e0b]
V  [jvm.dll+0x581e0b]
V  [jvm.dll+0x581e0b]
V  [jvm.dll+0x581e0b]
V  [jvm.dll+0x581e0b]
V  [jvm.dll+0x581e0b]
V  [jvm.dll+0x581e0b]
V  [jvm.dll+0x581c80]
V  [jvm.dll+0x581c80]
V  [jvm.dll+0x581c80]
V  [jvm.dll+0x58981e]
V  [jvm.dll+0x220fb2]
V  [jvm.dll+0x2213af]
V  [jvm.dll+0x21a3b0]
V  [jvm.dll+0x21748b]
V  [jvm.dll+0x1a3150]
V  [jvm.dll+0x22799c]
V  [jvm.dll+0x225afb]
V  [jvm.dll+0x7ef128]
V  [jvm.dll+0x7e948c]
V  [jvm.dll+0x681d97]
C  [ucrtbase.dll+0x37b0]
C  [KERNEL32.DLL+0x2e8d7]
C  [ntdll.dll+0x8c53c]


---------------  P R O C E S S  ---------------

Threads class SMR info:
_java_thread_list=0x000001f827579230, length=27, elements={
0x000001f80536ef80, 0x000001f821283710, 0x000001f8212854f0, 0x000001f82129ea00,
0x000001f8212e74f0, 0x000001f8212ed2e0, 0x000001f8212eefb0, 0x000001f8212f42d0,
0x000001f8212f81d0, 0x000001f8212faa50, 0x000001f8215ab070, 0x000001f821ac0e20,
0x000001f826cea040, 0x000001f827eb3020, 0x000001f828e60660, 0x000001f8287eff60,
0x000001f8298bcf90, 0x000001f829cca660, 0x000001f829cc9220, 0x000001f829ccab70,
0x000001f829cc9730, 0x000001f829cc9c40, 0x000001f829cca150, 0x000001f828012910,
0x000001f828012e20, 0x000001f8280119e0, 0x000001f82631c620
}

Java Threads: ( => current thread )
  0x000001f80536ef80 JavaThread "Forwarding executeAsyncScript on session a3e21798-eed0-4ab1-b43a-00831a3cd98f to remote" [_thread_blocked, id=4804, stack(0x00000017bc800000,0x00000017bc900000)]
  0x000001f821283710 JavaThread "Reference Handler" daemon [_thread_blocked, id=18040, stack(0x00000017bcf00000,0x00000017bd000000)]
  0x000001f8212854f0 JavaThread "Finalizer" daemon [_thread_blocked, id=15864, stack(0x00000017bd000000,0x00000017bd100000)]
  0x000001f82129ea00 JavaThread "Signal Dispatcher" daemon [_thread_blocked, id=12988, stack(0x00000017bd100000,0x00000017bd200000)]
  0x000001f8212e74f0 JavaThread "Attach Listener" daemon [_thread_blocked, id=4296, stack(0x00000017bd200000,0x00000017bd300000)]
  0x000001f8212ed2e0 JavaThread "Service Thread" daemon [_thread_blocked, id=18596, stack(0x00000017bd300000,0x00000017bd400000)]
  0x000001f8212eefb0 JavaThread "Monitor Deflation Thread" daemon [_thread_blocked, id=19272, stack(0x00000017bd400000,0x00000017bd500000)]
=>0x000001f8212f42d0 JavaThread "C2 CompilerThread0" daemon [_thread_in_native, id=13996, stack(0x00000017bd500000,0x00000017bd600000)]
  0x000001f8212f81d0 JavaThread "C1 CompilerThread0" daemon [_thread_blocked, id=12012, stack(0x00000017bd600000,0x00000017bd700000)]
  0x000001f8212faa50 JavaThread "Sweeper thread" daemon [_thread_blocked, id=13516, stack(0x00000017bd700000,0x00000017bd800000)]
  0x000001f8215ab070 JavaThread "Common-Cleaner" daemon [_thread_blocked, id=10592, stack(0x00000017bd800000,0x00000017bd900000)]
  0x000001f821ac0e20 JavaThread "Notification Thread" daemon [_thread_blocked, id=576, stack(0x00000017bda00000,0x00000017bdb00000)]
  0x000001f826cea040 JavaThread "ForkJoinPool.commonPool-worker-1" daemon [_thread_blocked, id=6348, stack(0x00000017be400000,0x00000017be500000)]
  0x000001f827eb3020 JavaThread "HttpClient-1-SelectorManager" daemon [_thread_in_native, id=5392, stack(0x00000017be500000,0x00000017be600000)]
  0x000001f828e60660 JavaThread "External Process Output Forwarder - C:\Users\tiago\.cache\selenium\geckodriver\win64\0.36.0\geckodriver.exe" daemon [_thread_in_native, id=10496, stack(0x00000017be600000,0x00000017be700000)]
  0x000001f8287eff60 JavaThread "Driver Service Executor" daemon [_thread_blocked, id=8500, stack(0x00000017be700000,0x00000017be800000)]
  0x000001f8298bcf90 JavaThread "Driver Service Executor" daemon [_thread_in_native, id=17100, stack(0x00000017be800000,0x00000017be900000)]
  0x000001f829cca660 JavaThread "JdkHttpClient-0-0" daemon [_thread_blocked, id=19404, stack(0x00000017bea00000,0x00000017beb00000)]
  0x000001f829cc9220 JavaThread "CompletableFutureDelayScheduler" daemon [_thread_blocked, id=16592, stack(0x00000017beb00000,0x00000017bec00000)]
  0x000001f829ccab70 JavaThread "JdkHttpClient-0-1" daemon [_thread_blocked, id=13440, stack(0x00000017bec00000,0x00000017bed00000)]
  0x000001f829cc9730 JavaThread "JdkHttpClient-0-2" daemon [_thread_blocked, id=14288, stack(0x00000017bed00000,0x00000017bee00000)]
  0x000001f829cc9c40 JavaThread "JdkHttpClient-0-3" daemon [_thread_blocked, id=16432, stack(0x00000017bee00000,0x00000017bef00000)]
  0x000001f829cca150 JavaThread "HttpClient-2-SelectorManager" daemon [_thread_in_native, id=17748, stack(0x00000017bd900000,0x00000017bda00000)]
  0x000001f828012910 JavaThread "JdkHttpClient-1-0" daemon [_thread_blocked, id=12020, stack(0x00000017bef00000,0x00000017bf000000)]
  0x000001f828012e20 JavaThread "JdkHttpClient-1-1" daemon [_thread_blocked, id=11392, stack(0x00000017bf000000,0x00000017bf100000)]
  0x000001f8280119e0 JavaThread "BiDi Connection" daemon [_thread_blocked, id=16012, stack(0x00000017bf100000,0x00000017bf200000)]
  0x000001f82631c620 JavaThread "C2 CompilerThread1" daemon [_thread_in_native, id=8796, stack(0x00000017bf200000,0x00000017bf300000)]

Other Threads:
  0x000001f820d19b10 VMThread "VM Thread" [stack: 0x00000017bce00000,0x00000017bcf00000] [id=3420]
  0x000001f80536fe00 WatcherThread [stack: 0x00000017bdb00000,0x00000017bdc00000] [id=15476]
  0x000001f8053ce1e0 GCTaskThread "GC Thread#0" [stack: 0x00000017bc900000,0x00000017bca00000] [id=8672]
  0x000001f8215ae4d0 GCTaskThread "GC Thread#1" [stack: 0x00000017bdc00000,0x00000017bdd00000] [id=19244]
  0x000001f8215ad9d0 GCTaskThread "GC Thread#2" [stack: 0x00000017bdd00000,0x00000017bde00000] [id=7460]
  0x000001f8215adf50 GCTaskThread "GC Thread#3" [stack: 0x00000017bdf00000,0x00000017be000000] [id=6636]
  0x000001f8215adc90 GCTaskThread "GC Thread#4" [stack: 0x00000017be000000,0x00000017be100000] [id=6780]
  0x000001f8277a6b80 GCTaskThread "GC Thread#5" [stack: 0x00000017be100000,0x00000017be200000] [id=2540]
  0x000001f8277a8440 GCTaskThread "GC Thread#6" [stack: 0x00000017be200000,0x00000017be300000] [id=8360]
  0x000001f8277a94c0 GCTaskThread "GC Thread#7" [stack: 0x00000017be300000,0x00000017be400000] [id=19336]
  0x000001f8053e05a0 ConcurrentGCThread "G1 Main Marker" [stack: 0x00000017bca00000,0x00000017bcb00000] [id=14368]
  0x000001f8053e1120 ConcurrentGCThread "G1 Conc#0" [stack: 0x00000017bcb00000,0x00000017bcc00000] [id=8824]
  0x000001f8277a8700 ConcurrentGCThread "G1 Conc#1" [stack: 0x00000017bde00000,0x00000017bdf00000] [id=14716]
  0x000001f820b8a7f0 ConcurrentGCThread "G1 Refine#0" [stack: 0x00000017bcc00000,0x00000017bcd00000] [id=9700]
  0x000001f820b8b230 ConcurrentGCThread "G1 Service" [stack: 0x00000017bcd00000,0x00000017bce00000] [id=4252]

Threads with active compile tasks:
C2 CompilerThread0    21264 5659  s!   4       jdk.internal.loader.URLClassPath::getLoader (194 bytes)
C2 CompilerThread1    21264 5679       4       java.util.regex.Matcher::<init> (95 bytes)

VM state: not at safepoint (normal execution)

VM Mutex/Monitor currently owned by a thread: None

Heap address: 0x0000000080000000, size: 2048 MB, Compressed Oops mode: 32-bit

CDS archive(s) not mapped
Compressed class space mapped at: 0x0000000100000000-0x0000000140000000, reserved size: 1073741824
Narrow klass base: 0x0000000000000000, Narrow klass shift: 3, Narrow klass range: 0x140000000

GC Precious Log:
 CPUs: 8 total, 8 available
 Memory: 7778M
 Large Page Support: Disabled
 NUMA Support: Disabled
 Compressed Oops: Enabled (32-bit)
 Heap Region Size: 1M
 Heap Min Capacity: 8M
 Heap Initial Capacity: 122M
 Heap Max Capacity: 2G
 Pre-touch: Disabled
 Parallel Workers: 8
 Concurrent Workers: 2
 Concurrent Refinement Workers: 8
 Periodic GC: Disabled

Heap:
 garbage-first heap   total 102400K, used 63124K [0x0000000080000000, 0x0000000100000000)
  region size 1024K, 30 young (30720K), 6 survivors (6144K)
 Metaspace       used 52717K, committed 53376K, reserved 1114112K
  class space    used 6340K, committed 6656K, reserved 1048576K

Heap Regions: E=young(eden), S=young(survivor), O=old, HS=humongous(starts), HC=humongous(continues), CS=collection set, F=free, OA=open archive, CA=closed archive, TAMS=top-at-mark-start (previous, next)
|   0|0x0000000080000000, 0x0000000080100000, 0x0000000080100000|100%|HS|  |TAMS 0x0000000080100000, 0x0000000080000000| Complete 
|   1|0x0000000080100000, 0x0000000080200000, 0x0000000080200000|100%|HS|  |TAMS 0x0000000080200000, 0x0000000080100000| Complete 
|   2|0x0000000080200000, 0x0000000080300000, 0x0000000080300000|100%| O|  |TAMS 0x0000000080300000, 0x0000000080200000| Untracked 
|   3|0x0000000080300000, 0x0000000080400000, 0x0000000080400000|100%| O|  |TAMS 0x0000000080400000, 0x0000000080300000| Untracked 
|   4|0x0000000080400000, 0x0000000080500000, 0x0000000080500000|100%| O|  |TAMS 0x0000000080500000, 0x0000000080400000| Untracked 
|   5|0x0000000080500000, 0x0000000080600000, 0x0000000080600000|100%| O|  |TAMS 0x0000000080600000, 0x0000000080500000| Untracked 
|   6|0x0000000080600000, 0x0000000080700000, 0x0000000080700000|100%| O|  |TAMS 0x0000000080700000, 0x0000000080600000| Untracked 
|   7|0x0000000080700000, 0x0000000080800000, 0x0000000080800000|100%| O|  |TAMS 0x0000000080800000, 0x0000000080700000| Untracked 
|   8|0x0000000080800000, 0x0000000080900000, 0x0000000080900000|100%| O|  |TAMS 0x0000000080900000, 0x0000000080800000| Untracked 
|   9|0x0000000080900000, 0x0000000080a00000, 0x0000000080a00000|100%| O|  |TAMS 0x0000000080a00000, 0x0000000080900000| Untracked 
|  10|0x0000000080a00000, 0x0000000080b00000, 0x0000000080b00000|100%| O|  |TAMS 0x0000000080b00000, 0x0000000080a00000| Untracked 
|  11|0x0000000080b00000, 0x0000000080c00000, 0x0000000080c00000|100%| O|  |TAMS 0x0000000080c00000, 0x0000000080b00000| Untracked 
|  12|0x0000000080c00000, 0x0000000080d00000, 0x0000000080d00000|100%| O|  |TAMS 0x0000000080d00000, 0x0000000080c00000| Untracked 
|  13|0x0000000080d00000, 0x0000000080e00000, 0x0000000080e00000|100%| O|  |TAMS 0x0000000080e00000, 0x0000000080d00000| Untracked 
|  14|0x0000000080e00000, 0x0000000080f00000, 0x0000000080f00000|100%| O|  |TAMS 0x0000000080f00000, 0x0000000080e00000| Untracked 
|  15|0x0000000080f00000, 0x0000000081000000, 0x0000000081000000|100%| O|  |TAMS 0x0000000081000000, 0x0000000080f00000| Untracked 
|  16|0x0000000081000000, 0x0000000081100000, 0x0000000081100000|100%| O|  |TAMS 0x0000000081100000, 0x0000000081000000| Untracked 
|  17|0x0000000081100000, 0x0000000081120600, 0x0000000081200000| 12%| O|  |TAMS 0x0000000081120600, 0x0000000081100000| Untracked 
|  18|0x0000000081200000, 0x0000000081300000, 0x0000000081300000|100%| O|  |TAMS 0x0000000081300000, 0x0000000081200000| Untracked 
|  19|0x0000000081300000, 0x0000000081400000, 0x0000000081400000|100%| O|  |TAMS 0x0000000081400000, 0x0000000081300000| Untracked 
|  20|0x0000000081400000, 0x0000000081500000, 0x0000000081500000|100%| O|  |TAMS 0x0000000081500000, 0x0000000081400000| Untracked 
|  21|0x0000000081500000, 0x0000000081600000, 0x0000000081600000|100%| O|  |TAMS 0x0000000081600000, 0x0000000081500000| Untracked 
|  22|0x0000000081600000, 0x0000000081700000, 0x0000000081700000|100%| O|  |TAMS 0x0000000081700000, 0x0000000081600000| Untracked 
|  23|0x0000000081700000, 0x0000000081800000, 0x0000000081800000|100%| O|  |TAMS 0x0000000081800000, 0x0000000081700000| Untracked 
|  24|0x0000000081800000, 0x0000000081900000, 0x0000000081900000|100%| O|  |TAMS 0x0000000081900000, 0x0000000081800000| Untracked 
|  25|0x0000000081900000, 0x0000000081a00000, 0x0000000081a00000|100%| O|  |TAMS 0x000000008198ae00, 0x0000000081900000| Untracked 
|  26|0x0000000081a00000, 0x0000000081b00000, 0x0000000081b00000|100%| O|  |TAMS 0x0000000081a00000, 0x0000000081a00000| Untracked 
|  27|0x0000000081b00000, 0x0000000081c00000, 0x0000000081c00000|100%| O|  |TAMS 0x0000000081b00000, 0x0000000081b00000| Untracked 
|  28|0x0000000081c00000, 0x0000000081d00000, 0x0000000081d00000|100%| O|  |TAMS 0x0000000081c00000, 0x0000000081c00000| Untracked 
|  29|0x0000000081d00000, 0x0000000081e00000, 0x0000000081e00000|100%| O|  |TAMS 0x0000000081d00000, 0x0000000081d00000| Untracked 
|  30|0x0000000081e00000, 0x0000000081f00000, 0x0000000081f00000|100%| O|  |TAMS 0x0000000081e00000, 0x0000000081e00000| Untracked 
|  31|0x0000000081f00000, 0x0000000082000000, 0x0000000082000000|100%| O|  |TAMS 0x0000000081f00000, 0x0000000081f00000| Untracked 
|  32|0x0000000082000000, 0x0000000082100000, 0x0000000082100000|100%| O|  |TAMS 0x0000000082000000, 0x0000000082000000| Untracked 
|  33|0x0000000082100000, 0x000000008218d000, 0x0000000082200000| 55%| O|  |TAMS 0x0000000082100000, 0x0000000082100000| Untracked 
|  34|0x0000000082200000, 0x0000000082200000, 0x0000000082300000|  0%| F|  |TAMS 0x0000000082200000, 0x0000000082200000| Untracked 
|  35|0x0000000082300000, 0x0000000082300000, 0x0000000082400000|  0%| F|  |TAMS 0x0000000082300000, 0x0000000082300000| Untracked 
|  36|0x0000000082400000, 0x0000000082400000, 0x0000000082500000|  0%| F|  |TAMS 0x0000000082400000, 0x0000000082400000| Untracked 
|  37|0x0000000082500000, 0x0000000082500000, 0x0000000082600000|  0%| F|  |TAMS 0x0000000082500000, 0x0000000082500000| Untracked 
|  38|0x0000000082600000, 0x0000000082600000, 0x0000000082700000|  0%| F|  |TAMS 0x0000000082600000, 0x0000000082600000| Untracked 
|  39|0x0000000082700000, 0x0000000082700000, 0x0000000082800000|  0%| F|  |TAMS 0x0000000082700000, 0x0000000082700000| Untracked 
|  40|0x0000000082800000, 0x0000000082800000, 0x0000000082900000|  0%| F|  |TAMS 0x0000000082800000, 0x0000000082800000| Untracked 
|  41|0x0000000082900000, 0x0000000082900000, 0x0000000082a00000|  0%| F|  |TAMS 0x0000000082900000, 0x0000000082900000| Untracked 
|  42|0x0000000082a00000, 0x0000000082a00000, 0x0000000082b00000|  0%| F|  |TAMS 0x0000000082a00000, 0x0000000082a00000| Untracked 
|  43|0x0000000082b00000, 0x0000000082b00000, 0x0000000082c00000|  0%| F|  |TAMS 0x0000000082b00000, 0x0000000082b00000| Untracked 
|  44|0x0000000082c00000, 0x0000000082c00000, 0x0000000082d00000|  0%| F|  |TAMS 0x0000000082c00000, 0x0000000082c00000| Untracked 
|  45|0x0000000082d00000, 0x0000000082d00000, 0x0000000082e00000|  0%| F|  |TAMS 0x0000000082d00000, 0x0000000082d00000| Untracked 
|  46|0x0000000082e00000, 0x0000000082e00000, 0x0000000082f00000|  0%| F|  |TAMS 0x0000000082e00000, 0x0000000082e00000| Untracked 
|  47|0x0000000082f00000, 0x0000000082f00000, 0x0000000083000000|  0%| F|  |TAMS 0x0000000082f00000, 0x0000000082f00000| Untracked 
|  48|0x0000000083000000, 0x0000000083000000, 0x0000000083100000|  0%| F|  |TAMS 0x0000000083000000, 0x0000000083000000| Untracked 
|  49|0x0000000083100000, 0x0000000083100000, 0x0000000083200000|  0%| F|  |TAMS 0x0000000083100000, 0x0000000083100000| Untracked 
|  50|0x0000000083200000, 0x0000000083200000, 0x0000000083300000|  0%| F|  |TAMS 0x0000000083200000, 0x0000000083200000| Untracked 
|  51|0x0000000083300000, 0x00000000833f7ac0, 0x0000000083400000| 96%| S|CS|TAMS 0x0000000083300000, 0x0000000083300000| Complete 
|  52|0x0000000083400000, 0x0000000083500000, 0x0000000083500000|100%| S|CS|TAMS 0x0000000083400000, 0x0000000083400000| Complete 
|  53|0x0000000083500000, 0x0000000083600000, 0x0000000083600000|100%| S|CS|TAMS 0x0000000083500000, 0x0000000083500000| Complete 
|  54|0x0000000083600000, 0x0000000083700000, 0x0000000083700000|100%| S|CS|TAMS 0x0000000083600000, 0x0000000083600000| Complete 
|  55|0x0000000083700000, 0x0000000083800000, 0x0000000083800000|100%| S|CS|TAMS 0x0000000083700000, 0x0000000083700000| Complete 
|  56|0x0000000083800000, 0x0000000083900000, 0x0000000083900000|100%| S|CS|TAMS 0x0000000083800000, 0x0000000083800000| Complete 
|  57|0x0000000083900000, 0x0000000083900000, 0x0000000083a00000|  0%| F|  |TAMS 0x0000000083900000, 0x0000000083900000| Untracked 
|  58|0x0000000083a00000, 0x0000000083a00000, 0x0000000083b00000|  0%| F|  |TAMS 0x0000000083a00000, 0x0000000083a00000| Untracked 
|  59|0x0000000083b00000, 0x0000000083b00000, 0x0000000083c00000|  0%| F|  |TAMS 0x0000000083b00000, 0x0000000083b00000| Untracked 
|  60|0x0000000083c00000, 0x0000000083c00000, 0x0000000083d00000|  0%| F|  |TAMS 0x0000000083c00000, 0x0000000083c00000| Untracked 
|  61|0x0000000083d00000, 0x0000000083d00000, 0x0000000083e00000|  0%| F|  |TAMS 0x0000000083d00000, 0x0000000083d00000| Untracked 
|  62|0x0000000083e00000, 0x0000000083e00000, 0x0000000083f00000|  0%| F|  |TAMS 0x0000000083e00000, 0x0000000083e00000| Untracked 
|  63|0x0000000083f00000, 0x0000000083f00000, 0x0000000084000000|  0%| F|  |TAMS 0x0000000083f00000, 0x0000000083f00000| Untracked 
|  64|0x0000000084000000, 0x0000000084000000, 0x0000000084100000|  0%| F|  |TAMS 0x0000000084000000, 0x0000000084000000| Untracked 
|  65|0x0000000084100000, 0x0000000084100000, 0x0000000084200000|  0%| F|  |TAMS 0x0000000084100000, 0x0000000084100000| Untracked 
|  66|0x0000000084200000, 0x0000000084200000, 0x0000000084300000|  0%| F|  |TAMS 0x0000000084200000, 0x0000000084200000| Untracked 
|  67|0x0000000084300000, 0x0000000084300000, 0x0000000084400000|  0%| F|  |TAMS 0x0000000084300000, 0x0000000084300000| Untracked 
|  68|0x0000000084400000, 0x0000000084400000, 0x0000000084500000|  0%| F|  |TAMS 0x0000000084400000, 0x0000000084400000| Untracked 
|  69|0x0000000084500000, 0x0000000084500000, 0x0000000084600000|  0%| F|  |TAMS 0x0000000084500000, 0x0000000084500000| Untracked 
|  70|0x0000000084600000, 0x0000000084600000, 0x0000000084700000|  0%| F|  |TAMS 0x0000000084600000, 0x0000000084600000| Untracked 
|  71|0x0000000084700000, 0x0000000084700000, 0x0000000084800000|  0%| F|  |TAMS 0x0000000084700000, 0x0000000084700000| Untracked 
|  72|0x0000000084800000, 0x0000000084800000, 0x0000000084900000|  0%| F|  |TAMS 0x0000000084800000, 0x0000000084800000| Untracked 
|  73|0x0000000084900000, 0x0000000084900000, 0x0000000084a00000|  0%| F|  |TAMS 0x0000000084900000, 0x0000000084900000| Untracked 
|  74|0x0000000084a00000, 0x0000000084a00000, 0x0000000084b00000|  0%| F|  |TAMS 0x0000000084a00000, 0x0000000084a00000| Untracked 
|  75|0x0000000084b00000, 0x0000000084b00000, 0x0000000084c00000|  0%| F|  |TAMS 0x0000000084b00000, 0x0000000084b00000| Untracked 
|  76|0x0000000084c00000, 0x0000000084c80000, 0x0000000084d00000| 50%| E|  |TAMS 0x0000000084c00000, 0x0000000084c00000| Complete 
|  77|0x0000000084d00000, 0x0000000084e00000, 0x0000000084e00000|100%| E|CS|TAMS 0x0000000084d00000, 0x0000000084d00000| Complete 
|  78|0x0000000084e00000, 0x0000000084f00000, 0x0000000084f00000|100%| E|CS|TAMS 0x0000000084e00000, 0x0000000084e00000| Complete 
|  79|0x0000000084f00000, 0x0000000085000000, 0x0000000085000000|100%| E|CS|TAMS 0x0000000084f00000, 0x0000000084f00000| Complete 
|  80|0x0000000085000000, 0x0000000085100000, 0x0000000085100000|100%| E|CS|TAMS 0x0000000085000000, 0x0000000085000000| Complete 
|  81|0x0000000085100000, 0x0000000085200000, 0x0000000085200000|100%| E|CS|TAMS 0x0000000085100000, 0x0000000085100000| Complete 
|  82|0x0000000085200000, 0x0000000085300000, 0x0000000085300000|100%| E|CS|TAMS 0x0000000085200000, 0x0000000085200000| Complete 
|  83|0x0000000085300000, 0x0000000085400000, 0x0000000085400000|100%| E|CS|TAMS 0x0000000085300000, 0x0000000085300000| Complete 
|  84|0x0000000085400000, 0x0000000085500000, 0x0000000085500000|100%| E|CS|TAMS 0x0000000085400000, 0x0000000085400000| Complete 
|  85|0x0000000085500000, 0x0000000085600000, 0x0000000085600000|100%| E|CS|TAMS 0x0000000085500000, 0x0000000085500000| Complete 
|  86|0x0000000085600000, 0x0000000085700000, 0x0000000085700000|100%| E|CS|TAMS 0x0000000085600000, 0x0000000085600000| Complete 
|  87|0x0000000085700000, 0x0000000085800000, 0x0000000085800000|100%| E|CS|TAMS 0x0000000085700000, 0x0000000085700000| Complete 
|  88|0x0000000085800000, 0x0000000085900000, 0x0000000085900000|100%| E|CS|TAMS 0x0000000085800000, 0x0000000085800000| Complete 
|  89|0x0000000085900000, 0x0000000085a00000, 0x0000000085a00000|100%| E|CS|TAMS 0x0000000085900000, 0x0000000085900000| Complete 
|  90|0x0000000085a00000, 0x0000000085b00000, 0x0000000085b00000|100%| E|CS|TAMS 0x0000000085a00000, 0x0000000085a00000| Complete 
|  91|0x0000000085b00000, 0x0000000085c00000, 0x0000000085c00000|100%| E|CS|TAMS 0x0000000085b00000, 0x0000000085b00000| Complete 
|  92|0x0000000085c00000, 0x0000000085d00000, 0x0000000085d00000|100%| E|CS|TAMS 0x0000000085c00000, 0x0000000085c00000| Complete 
|  93|0x0000000085d00000, 0x0000000085e00000, 0x0000000085e00000|100%| E|CS|TAMS 0x0000000085d00000, 0x0000000085d00000| Complete 
| 100|0x0000000086400000, 0x0000000086500000, 0x0000000086500000|100%| E|CS|TAMS 0x0000000086400000, 0x0000000086400000| Complete 
| 101|0x0000000086500000, 0x0000000086600000, 0x0000000086600000|100%| E|CS|TAMS 0x0000000086500000, 0x0000000086500000| Complete 
| 102|0x0000000086600000, 0x0000000086700000, 0x0000000086700000|100%| E|CS|TAMS 0x0000000086600000, 0x0000000086600000| Complete 
| 103|0x0000000086700000, 0x0000000086800000, 0x0000000086800000|100%| E|CS|TAMS 0x0000000086700000, 0x0000000086700000| Complete 
| 104|0x0000000086800000, 0x0000000086900000, 0x0000000086900000|100%| E|CS|TAMS 0x0000000086800000, 0x0000000086800000| Complete 
| 121|0x0000000087900000, 0x0000000087a00000, 0x0000000087a00000|100%| E|CS|TAMS 0x0000000087900000, 0x0000000087900000| Complete 

Card table byte_map: [0x000001f819f50000,0x000001f81a350000] _byte_map_base: 0x000001f819b50000

Marking Bits (Prev, Next): (CMBitMap*) 0x000001f8053ce800, (CMBitMap*) 0x000001f8053ce840
 Prev Bits: [0x000001f81a750000, 0x000001f81c750000)
 Next Bits: [0x000001f81c750000, 0x000001f81e750000)

Polling page: 0x000001f805790000

Metaspace:

Usage:
  Non-class:     45.29 MB used.
      Class:      6.19 MB used.
       Both:     51.48 MB used.

Virtual space:
  Non-class space:       64.00 MB reserved,      45.62 MB ( 71%) committed,  1 nodes.
      Class space:        1.00 GB reserved,       6.50 MB ( <1%) committed,  1 nodes.
             Both:        1.06 GB reserved,      52.12 MB (  5%) committed. 

Chunk freelists:
   Non-Class:  1.36 MB
       Class:  9.47 MB
        Both:  10.83 MB

MaxMetaspaceSize: unlimited
CompressedClassSpaceSize: 1.00 GB
Initial GC threshold: 21.00 MB
Current GC threshold: 58.69 MB
CDS: off
MetaspaceReclaimPolicy: balanced
 - commit_granule_bytes: 65536.
 - commit_granule_words: 8192.
 - virtual_space_node_default_size: 8388608.
 - enlarge_chunks_in_place: 1.
 - new_chunks_are_fully_committed: 0.
 - uncommit_free_chunks: 1.
 - use_allocation_guard: 0.
 - handle_deallocations: 1.


Internal statistics:

num_allocs_failed_limit: 6.
num_arena_births: 780.
num_arena_deaths: 0.
num_vsnodes_births: 2.
num_vsnodes_deaths: 0.
num_space_committed: 834.
num_space_uncommitted: 0.
num_chunks_returned_to_freelist: 6.
num_chunks_taken_from_freelist: 2186.
num_chunk_merges: 6.
num_chunk_splits: 1463.
num_chunks_enlarged: 1005.
num_inconsistent_stats: 0.

CodeHeap 'non-profiled nmethods': size=120000Kb used=3283Kb max_used=3283Kb free=116716Kb
 bounds [0x000001f811bc0000, 0x000001f811f00000, 0x000001f8190f0000]
CodeHeap 'profiled nmethods': size=120000Kb used=9369Kb max_used=9369Kb free=110630Kb
 bounds [0x000001f80a0f0000, 0x000001f80aa20000, 0x000001f811620000]
CodeHeap 'non-nmethods': size=5760Kb used=2349Kb max_used=2396Kb free=3410Kb
 bounds [0x000001f811620000, 0x000001f811890000, 0x000001f811bc0000]
 total_blobs=5780 nmethods=4925 adapters=767
 compilation: enabled
              stopped_count=0, restarted_count=0
 full_count=0

Compilation events (20 events):
Event: 21.186 Thread 0x000001f8212f81d0 5690       3       groovyjarjarasm.asm.SymbolTable$Entry::<init> (20 bytes)
Event: 21.187 Thread 0x000001f8212f81d0 nmethod 5690 0x000001f80aa15e10 code [0x000001f80aa15fa0, 0x000001f80aa160e8]
Event: 21.187 Thread 0x000001f8212f81d0 5691       3       groovyjarjarasm.asm.SymbolTable::addConstantNameAndType (137 bytes)
Event: 21.188 Thread 0x000001f8212f81d0 nmethod 5691 0x000001f80aa16190 code [0x000001f80aa163e0, 0x000001f80aa16ae8]
Event: 21.190 Thread 0x000001f8212f81d0 5692       3       java.util.stream.ReduceOps$3::getOpFlags (28 bytes)
Event: 21.191 Thread 0x000001f8212f81d0 nmethod 5692 0x000001f80aa16f10 code [0x000001f80aa170e0, 0x000001f80aa173d8]
Event: 21.191 Thread 0x000001f8212f81d0 5693       3       java.util.LinkedHashMap$LinkedEntrySet::iterator (12 bytes)
Event: 21.192 Thread 0x000001f8212f81d0 nmethod 5693 0x000001f80aa17510 code [0x000001f80aa176c0, 0x000001f80aa17a78]
Event: 21.192 Thread 0x000001f8212f81d0 5694       3       java.util.LinkedHashMap$LinkedEntryIterator::<init> (11 bytes)
Event: 21.192 Thread 0x000001f8212f81d0 nmethod 5694 0x000001f80aa17b90 code [0x000001f80aa17d40, 0x000001f80aa18058]
Event: 21.192 Thread 0x000001f8212f81d0 5695       1       java.util.stream.ForEachOps$ForEachOp::get (2 bytes)
Event: 21.192 Thread 0x000001f8212f81d0 nmethod 5695 0x000001f811ef3690 code [0x000001f811ef3820, 0x000001f811ef38f8]
Event: 21.193 Thread 0x000001f8212f81d0 5697       3       java.util.stream.FindOps$FindOp::evaluateSequential (39 bytes)
Event: 21.193 Thread 0x000001f8212f81d0 nmethod 5697 0x000001f80aa18190 code [0x000001f80aa18380, 0x000001f80aa18948]
Event: 21.193 Thread 0x000001f8212f81d0 5698       3       java.util.stream.FindOps$FindSink::<init> (5 bytes)
Event: 21.194 Thread 0x000001f8212f81d0 nmethod 5698 0x000001f80aa18b10 code [0x000001f80aa18ca0, 0x000001f80aa18df8]
Event: 21.194 Thread 0x000001f8212f81d0 5699       1       java.util.AbstractList$RandomAccessSpliterator::characteristics (4 bytes)
Event: 21.194 Thread 0x000001f8212f81d0 nmethod 5699 0x000001f811ef3990 code [0x000001f811ef3b20, 0x000001f811ef3bf8]
Event: 21.199 Thread 0x000001f82631c620 nmethod 5678 0x000001f811ef3c90 code [0x000001f811ef3e60, 0x000001f811ef4a58]
Event: 21.199 Thread 0x000001f82631c620 5679       4       java.util.regex.Matcher::<init> (95 bytes)

GC Heap History (20 events):
Event: 2.719 GC heap before
{Heap before GC invocations=3 (full 0):
 garbage-first heap   total 124928K, used 36312K [0x0000000080000000, 0x0000000100000000)
  region size 1024K, 22 young (22528K), 5 survivors (5120K)
 Metaspace       used 21307K, committed 21504K, reserved 1114112K
  class space    used 2211K, committed 2304K, reserved 1048576K
}
Event: 2.726 GC heap after
{Heap after GC invocations=4 (full 0):
 garbage-first heap   total 124928K, used 22458K [0x0000000080000000, 0x0000000100000000)
  region size 1024K, 5 young (5120K), 5 survivors (5120K)
 Metaspace       used 21307K, committed 21504K, reserved 1114112K
  class space    used 2211K, committed 2304K, reserved 1048576K
}
Event: 3.033 GC heap before
{Heap before GC invocations=5 (full 0):
 garbage-first heap   total 81920K, used 61370K [0x0000000080000000, 0x0000000100000000)
  region size 1024K, 44 young (45056K), 5 survivors (5120K)
 Metaspace       used 22141K, committed 22336K, reserved 1114112K
  class space    used 2322K, committed 2432K, reserved 1048576K
}
Event: 3.042 GC heap after
{Heap after GC invocations=6 (full 0):
 garbage-first heap   total 81920K, used 23029K [0x0000000080000000, 0x0000000100000000)
  region size 1024K, 2 young (2048K), 2 survivors (2048K)
 Metaspace       used 22141K, committed 22336K, reserved 1114112K
  class space    used 2322K, committed 2432K, reserved 1048576K
}
Event: 3.599 GC heap before
{Heap before GC invocations=6 (full 0):
 garbage-first heap   total 81920K, used 54773K [0x0000000080000000, 0x0000000100000000)
  region size 1024K, 33 young (33792K), 2 survivors (2048K)
 Metaspace       used 25461K, committed 25728K, reserved 1114112K
  class space    used 2670K, committed 2816K, reserved 1048576K
}
Event: 3.607 GC heap after
{Heap after GC invocations=7 (full 0):
 garbage-first heap   total 81920K, used 26062K [0x0000000080000000, 0x0000000100000000)
  region size 1024K, 5 young (5120K), 5 survivors (5120K)
 Metaspace       used 25461K, committed 25728K, reserved 1114112K
  class space    used 2670K, committed 2816K, reserved 1048576K
}
Event: 4.561 GC heap before
{Heap before GC invocations=7 (full 0):
 garbage-first heap   total 81920K, used 56782K [0x0000000080000000, 0x0000000100000000)
  region size 1024K, 35 young (35840K), 5 survivors (5120K)
 Metaspace       used 31741K, committed 32064K, reserved 1114112K
  class space    used 3465K, committed 3648K, reserved 1048576K
}
Event: 4.569 GC heap after
{Heap after GC invocations=8 (full 0):
 garbage-first heap   total 81920K, used 28096K [0x0000000080000000, 0x0000000100000000)
  region size 1024K, 3 young (3072K), 3 survivors (3072K)
 Metaspace       used 31741K, committed 32064K, reserved 1114112K
  class space    used 3465K, committed 3648K, reserved 1048576K
}
Event: 4.721 GC heap before
{Heap before GC invocations=8 (full 0):
 garbage-first heap   total 81920K, used 61888K [0x0000000080000000, 0x0000000100000000)
  region size 1024K, 33 young (33792K), 3 survivors (3072K)
 Metaspace       used 32891K, committed 33280K, reserved 1114112K
  class space    used 3540K, committed 3712K, reserved 1048576K
}
Event: 4.726 GC heap after
{Heap after GC invocations=9 (full 0):
 garbage-first heap   total 81920K, used 28066K [0x0000000080000000, 0x0000000100000000)
  region size 1024K, 3 young (3072K), 3 survivors (3072K)
 Metaspace       used 32891K, committed 33280K, reserved 1114112K
  class space    used 3540K, committed 3712K, reserved 1048576K
}
Event: 4.806 GC heap before
{Heap before GC invocations=9 (full 0):
 garbage-first heap   total 81920K, used 60834K [0x0000000080000000, 0x0000000100000000)
  region size 1024K, 35 young (35840K), 3 survivors (3072K)
 Metaspace       used 32952K, committed 33344K, reserved 1114112K
  class space    used 3546K, committed 3712K, reserved 1048576K
}
Event: 4.810 GC heap after
{Heap after GC invocations=10 (full 0):
 garbage-first heap   total 102400K, used 28038K [0x0000000080000000, 0x0000000100000000)
  region size 1024K, 3 young (3072K), 3 survivors (3072K)
 Metaspace       used 32952K, committed 33344K, reserved 1114112K
  class space    used 3546K, committed 3712K, reserved 1048576K
}
Event: 5.268 GC heap before
{Heap before GC invocations=10 (full 0):
 garbage-first heap   total 102400K, used 77190K [0x0000000080000000, 0x0000000100000000)
  region size 1024K, 51 young (52224K), 3 survivors (3072K)
 Metaspace       used 33669K, committed 34112K, reserved 1114112K
  class space    used 3625K, committed 3840K, reserved 1048576K
}
Event: 5.278 GC heap after
{Heap after GC invocations=11 (full 0):
 garbage-first heap   total 102400K, used 31163K [0x0000000080000000, 0x0000000100000000)
  region size 1024K, 6 young (6144K), 6 survivors (6144K)
 Metaspace       used 33669K, committed 34112K, reserved 1114112K
  class space    used 3625K, committed 3840K, reserved 1048576K
}
Event: 5.987 GC heap before
{Heap before GC invocations=11 (full 0):
 garbage-first heap   total 102400K, used 59835K [0x0000000080000000, 0x0000000100000000)
  region size 1024K, 35 young (35840K), 6 survivors (6144K)
 Metaspace       used 35539K, committed 35968K, reserved 1114112K
  class space    used 3870K, committed 4096K, reserved 1048576K
}
Event: 5.999 GC heap after
{Heap after GC invocations=12 (full 0):
 garbage-first heap   total 102400K, used 33273K [0x0000000080000000, 0x0000000100000000)
  region size 1024K, 6 young (6144K), 6 survivors (6144K)
 Metaspace       used 35539K, committed 35968K, reserved 1114112K
  class space    used 3870K, committed 4096K, reserved 1048576K
}
Event: 8.319 GC heap before
{Heap before GC invocations=13 (full 0):
 garbage-first heap   total 102400K, used 79353K [0x0000000080000000, 0x0000000100000000)
  region size 1024K, 51 young (52224K), 6 survivors (6144K)
 Metaspace       used 42429K, committed 42944K, reserved 1114112K
  class space    used 4800K, committed 5056K, reserved 1048576K
}
Event: 8.328 GC heap after
{Heap after GC invocations=14 (full 0):
 garbage-first heap   total 102400K, used 36132K [0x0000000080000000, 0x0000000100000000)
  region size 1024K, 5 young (5120K), 5 survivors (5120K)
 Metaspace       used 42429K, committed 42944K, reserved 1114112K
  class space    used 4800K, committed 5056K, reserved 1048576K
}
Event: 15.685 GC heap before
{Heap before GC invocations=14 (full 0):
 garbage-first heap   total 102400K, used 79140K [0x0000000080000000, 0x0000000100000000)
  region size 1024K, 48 young (49152K), 5 survivors (5120K)
 Metaspace       used 50620K, committed 51264K, reserved 1114112K
  class space    used 6038K, committed 6336K, reserved 1048576K
}
Event: 15.702 GC heap after
{Heap after GC invocations=15 (full 0):
 garbage-first heap   total 102400K, used 39572K [0x0000000080000000, 0x0000000100000000)
  region size 1024K, 6 young (6144K), 6 survivors (6144K)
 Metaspace       used 50620K, committed 51264K, reserved 1114112K
  class space    used 6038K, committed 6336K, reserved 1048576K
}

Dll operation events (10 events):
Event: 0.064 Loaded shared library C:\Users\tiago\.katalon\packages\KSE-10.3.2\jre\bin\java.dll
Event: 0.364 Loaded shared library C:\Users\tiago\.katalon\packages\KSE-10.3.2\jre\bin\net.dll
Event: 0.369 Loaded shared library C:\Users\tiago\.katalon\packages\KSE-10.3.2\jre\bin\nio.dll
Event: 0.380 Loaded shared library C:\Users\tiago\.katalon\packages\KSE-10.3.2\jre\bin\zip.dll
Event: 0.824 Loaded shared library C:\Users\tiago\.katalon\packages\KSE-10.3.2\jre\bin\verify.dll
Event: 1.155 Loaded shared library C:\Users\tiago\.katalon\packages\KSE-10.3.2\jre\bin\jimage.dll
Event: 5.358 Loaded shared library C:\Users\tiago\.katalon\packages\KSE-10.3.2\jre\bin\extnet.dll
Event: 7.375 Loaded shared library C:\Users\tiago\.katalon\packages\KSE-10.3.2\jre\bin\management.dll
Event: 7.381 Loaded shared library C:\Users\tiago\.katalon\packages\KSE-10.3.2\jre\bin\management_ext.dll
Event: 8.489 Loaded shared library C:\Users\tiago\.katalon\packages\KSE-10.3.2\jre\bin\sunmscapi.dll

Deoptimization events (20 events):
Event: 16.330 Thread 0x000001f829cc9220 DEOPT PACKING pc=0x000001f80a2acc09 sp=0x00000017bebfecc0
Event: 16.330 Thread 0x000001f829cc9220 DEOPT UNPACKING pc=0x000001f81167ace3 sp=0x00000017bebfe118 mode 3
Event: 20.059 Thread 0x000001f80536ef80 Uncommon trap: trap_request=0xffffff45 fr.pc=0x000001f811d3e520 relative=0x0000000000000560
Event: 20.059 Thread 0x000001f80536ef80 Uncommon trap: reason=unstable_if action=reinterpret pc=0x000001f811d3e520 method=java.lang.AbstractStringBuilder.appendChars(Ljava/lang/String;II)V @ 4 c2
Event: 20.059 Thread 0x000001f80536ef80 DEOPT PACKING pc=0x000001f811d3e520 sp=0x00000017bc8facd0
Event: 20.059 Thread 0x000001f80536ef80 DEOPT UNPACKING pc=0x000001f81167a1a3 sp=0x00000017bc8fabb8 mode 2
Event: 20.059 Thread 0x000001f80536ef80 Uncommon trap: trap_request=0xffffff45 fr.pc=0x000001f811e33324 relative=0x0000000000000564
Event: 20.059 Thread 0x000001f80536ef80 Uncommon trap: reason=unstable_if action=reinterpret pc=0x000001f811e33324 method=java.lang.AbstractStringBuilder.isLatin1()Z @ 10 c2
Event: 20.059 Thread 0x000001f80536ef80 DEOPT PACKING pc=0x000001f811e33324 sp=0x00000017bc8fac60
Event: 20.059 Thread 0x000001f80536ef80 DEOPT UNPACKING pc=0x000001f81167a1a3 sp=0x00000017bc8fab50 mode 2
Event: 20.882 Thread 0x000001f80536ef80 Uncommon trap: trap_request=0xffffff45 fr.pc=0x000001f811e33cdc relative=0x000000000000013c
Event: 20.882 Thread 0x000001f80536ef80 Uncommon trap: reason=unstable_if action=reinterpret pc=0x000001f811e33cdc method=java.lang.AbstractStringBuilder.isLatin1()Z @ 10 c2
Event: 20.882 Thread 0x000001f80536ef80 DEOPT PACKING pc=0x000001f811e33cdc sp=0x00000017bc8fac20
Event: 20.882 Thread 0x000001f80536ef80 DEOPT UNPACKING pc=0x000001f81167a1a3 sp=0x00000017bc8fab50 mode 2
Event: 20.959 Thread 0x000001f80536ef80 DEOPT PACKING pc=0x000001f80a5563b9 sp=0x00000017bc8f9040
Event: 20.959 Thread 0x000001f80536ef80 DEOPT UNPACKING pc=0x000001f81167ace3 sp=0x00000017bc8f8538 mode 0
Event: 20.975 Thread 0x000001f80536ef80 Uncommon trap: trap_request=0xffffff45 fr.pc=0x000001f811cd1438 relative=0x0000000000000038
Event: 20.975 Thread 0x000001f80536ef80 Uncommon trap: reason=unstable_if action=reinterpret pc=0x000001f811cd1438 method=java.lang.Character.isHighSurrogate(C)Z @ 3 c2
Event: 20.975 Thread 0x000001f80536ef80 DEOPT PACKING pc=0x000001f811cd1438 sp=0x00000017bc8f7bc0
Event: 20.975 Thread 0x000001f80536ef80 DEOPT UNPACKING pc=0x000001f81167a1a3 sp=0x00000017bc8f7b58 mode 2

Classes loaded (20 events):
Event: 20.957 Loading class java/util/ResourceBundle$3
Event: 20.957 Loading class java/util/ResourceBundle$3 done
Event: 20.958 Loading class com/sun/org/apache/xerces/internal/impl/msg/SAXMessages
Event: 20.958 Loading class com/sun/org/apache/xerces/internal/impl/msg/SAXMessages done
Event: 20.958 Loading class com/sun/org/apache/xerces/internal/impl/msg/SAXMessages
Event: 20.958 Loading class com/sun/org/apache/xerces/internal/impl/msg/SAXMessages done
Event: 20.959 Loading class com/sun/org/apache/xerces/internal/impl/msg/SAXMessages_pt
Event: 20.959 Loading class com/sun/org/apache/xerces/internal/impl/msg/SAXMessages_pt done
Event: 20.959 Loading class com/sun/org/apache/xerces/internal/impl/msg/SAXMessages_pt
Event: 20.959 Loading class com/sun/org/apache/xerces/internal/impl/msg/SAXMessages_pt done
Event: 20.959 Loading class com/sun/org/apache/xerces/internal/impl/msg/SAXMessages_pt_PT
Event: 20.959 Loading class com/sun/org/apache/xerces/internal/impl/msg/SAXMessages_pt_PT done
Event: 20.959 Loading class com/sun/org/apache/xerces/internal/impl/msg/SAXMessages_pt_PT
Event: 20.959 Loading class com/sun/org/apache/xerces/internal/impl/msg/SAXMessages_pt_PT done
Event: 20.970 Loading class jdk/xml/internal/JdkProperty$ImplPropMap
Event: 20.971 Loading class jdk/xml/internal/JdkProperty$ImplPropMap done
Event: 20.971 Loading class com/sun/org/apache/xerces/internal/util/URI$MalformedURIException
Event: 20.971 Loading class com/sun/org/apache/xerces/internal/util/URI$MalformedURIException done
Event: 21.132 Loading class java/lang/invoke/BoundMethodHandle$Species_LLLLILLLLLL
Event: 21.132 Loading class java/lang/invoke/BoundMethodHandle$Species_LLLLILLLLLL done

Classes unloaded (0 events):
No events

Classes redefined (0 events):
No events

Internal exceptions (20 events):
Event: 16.141 Thread 0x000001f80536ef80 Exception <a 'java/lang/NoSuchMethodError'{0x0000000085c44f50}: 'java.lang.Object java.lang.invoke.DirectMethodHandle$Holder.newInvokeSpecial(java.lang.Object, java.lang.Object, java.lang.Object, java.lang.Object, java.lang.Object, java.lang.Object)'> (0x0000000085c44f50) 
thrown [s\src\hotspot\share\interpreter\linkResolver.cpp, line 759]
Event: 16.185 Thread 0x000001f80536ef80 Exception <a 'java/lang/NoSuchMethodError'{0x0000000085cc4790}: 'java.lang.Object java.lang.invoke.DirectMethodHandle$Holder.invokeSpecial(java.lang.Object, java.lang.Object, long, java.lang.Object, java.lang.Object, java.lang.Object, java.lang.Object, int, java.lang.Object, int)'> (0x0000000085cc4790) 
thrown [s\src\hotspot\share\interpreter\linkResolver.cpp, line 759]
Event: 16.185 Thread 0x000001f80536ef80 Exception <a 'java/lang/NoSuchMethodError'{0x0000000085cc9540}: 'java.lang.Object java.lang.invoke.DelegatingMethodHandle$Holder.reinvoke_L(java.lang.Object, long, java.lang.Object, java.lang.Object, java.lang.Object, java.lang.Object, int, java.lang.Object, int)'> (0x0000000085cc9540) 
thrown [s\src\hotspot\share\interpreter\linkResolver.cpp, line 759]
Event: 16.189 Thread 0x000001f80536ef80 Exception <a 'java/lang/NoSuchMethodError'{0x0000000085cdffb0}: 'java.lang.Object java.lang.invoke.DirectMethodHandle$Holder.invokeSpecial(java.lang.Object, java.lang.Object, java.lang.Object, java.lang.Object, java.lang.Object, java.lang.Object, int, java.lang.Object, int)'> (0x0000000085cdffb0) 
thrown [s\src\hotspot\share\interpreter\linkResolver.cpp, line 759]
Event: 20.020 Thread 0x000001f80536ef80 Exception <a 'java/lang/ClassNotFoundException'{0x000000008589fe68}: com/kms/katalon/core/webui/driver/DriverFactoryBeanInfo> (0x000000008589fe68) 
thrown [s\src\hotspot\share\classfile\systemDictionary.cpp, line 256]
Event: 20.022 Thread 0x000001f80536ef80 Exception <a 'java/lang/ClassNotFoundException'{0x00000000858c0638}: com/kms/katalon/core/webui/driver/DriverFactoryCustomizer> (0x00000000858c0638) 
thrown [s\src\hotspot\share\classfile\systemDictionary.cpp, line 256]
Event: 20.095 Thread 0x000001f80536ef80 Exception <a 'java/lang/ClassNotFoundException'{0x000000008552bac8}: com/kms/katalon/core/webui/keyword/builtin/NavigateToUrlKeywordBeanInfo> (0x000000008552bac8) 
thrown [s\src\hotspot\share\classfile\systemDictionary.cpp, line 256]
Event: 20.100 Thread 0x000001f80536ef80 Exception <a 'java/lang/ClassNotFoundException'{0x000000008554e230}: com/kms/katalon/core/webui/keyword/builtin/NavigateToUrlKeywordCustomizer> (0x000000008554e230) 
thrown [s\src\hotspot\share\classfile\systemDictionary.cpp, line 256]
Event: 20.898 Thread 0x000001f80536ef80 Exception <a 'java/lang/ClassNotFoundException'{0x000000008549df08}: operations/FinishAGameBeanInfo> (0x000000008549df08) 
thrown [s\src\hotspot\share\classfile\systemDictionary.cpp, line 256]
Event: 20.901 Thread 0x000001f80536ef80 Exception <a 'java/lang/ClassNotFoundException'{0x00000000854ba3d8}: operations/FinishAGameCustomizer> (0x00000000854ba3d8) 
thrown [s\src\hotspot\share\classfile\systemDictionary.cpp, line 256]
Event: 20.940 Thread 0x000001f80536ef80 Exception <a 'java/lang/ClassNotFoundException'{0x00000000853d81f0}: com/kms/katalon/core/testobject/ObjectRepositoryBeanInfo> (0x00000000853d81f0) 
thrown [s\src\hotspot\share\classfile\systemDictionary.cpp, line 256]
Event: 20.943 Thread 0x000001f80536ef80 Exception <a 'java/lang/ClassNotFoundException'{0x00000000853f8950}: com/kms/katalon/core/testobject/ObjectRepositoryCustomizer> (0x00000000853f8950) 
thrown [s\src\hotspot\share\classfile\systemDictionary.cpp, line 256]
Event: 20.958 Thread 0x000001f80536ef80 Exception <a 'java/lang/ClassNotFoundException'{0x0000000085273170}: com/sun/org/apache/xerces/internal/impl/msg/spi/SAXMessagesProvider> (0x0000000085273170) 
thrown [s\src\hotspot\share\classfile\systemDictionary.cpp, line 256]
Event: 21.103 Thread 0x000001f80536ef80 Exception <a 'java/lang/ClassNotFoundException'{0x0000000084f7d340}: Script1BeanInfo> (0x0000000084f7d340) 
thrown [s\src\hotspot\share\classfile\systemDictionary.cpp, line 256]
Event: 21.109 Thread 0x000001f80536ef80 Exception <a 'java/lang/ClassNotFoundException'{0x0000000084fa1738}: Script1Customizer> (0x0000000084fa1738) 
thrown [s\src\hotspot\share\classfile\systemDictionary.cpp, line 256]
Event: 21.134 Thread 0x000001f80536ef80 Exception <a 'java/lang/NoSuchMethodError'{0x0000000084e3e0a8}: 'java.lang.Object java.lang.invoke.Invokers$Holder.linkToCallSite(java.lang.Object, java.lang.Object, int, java.lang.Object)'> (0x0000000084e3e0a8) 
thrown [s\src\hotspot\share\interpreter\linkResolver.cpp, line 759]
Event: 21.137 Thread 0x000001f80536ef80 Exception <a 'java/lang/NoSuchMethodError'{0x0000000084e50020}: 'java.lang.Object java.lang.invoke.DirectMethodHandle$Holder.invokeSpecial(java.lang.Object, java.lang.Object, java.lang.Object, java.lang.Object, java.lang.Object, int)'> (0x0000000084e50020) 
thrown [s\src\hotspot\share\interpreter\linkResolver.cpp, line 759]
Event: 21.137 Thread 0x000001f80536ef80 Exception <a 'java/lang/NoSuchMethodError'{0x0000000084e53da0}: 'java.lang.Object java.lang.invoke.DelegatingMethodHandle$Holder.delegate(java.lang.Object, java.lang.Object, java.lang.Object, java.lang.Object, int)'> (0x0000000084e53da0) 
thrown [s\src\hotspot\share\interpreter\linkResolver.cpp, line 759]
Event: 21.157 Thread 0x000001f80536ef80 Exception <a 'java/lang/ClassNotFoundException'{0x0000000084d7c630}: com/kms/katalon/core/webui/keyword/builtin/VerifyElementPresentKeywordBeanInfo> (0x0000000084d7c630) 
thrown [s\src\hotspot\share\classfile\systemDictionary.cpp, line 256]
Event: 21.163 Thread 0x000001f80536ef80 Exception <a 'java/lang/ClassNotFoundException'{0x0000000084d9fde8}: com/kms/katalon/core/webui/keyword/builtin/VerifyElementPresentKeywordCustomizer> (0x0000000084d9fde8) 
thrown [s\src\hotspot\share\classfile\systemDictionary.cpp, line 256]

VM Operations (20 events):
Event: 15.990 Executing VM operation: HandshakeAllThreads
Event: 15.990 Executing VM operation: HandshakeAllThreads done
Event: 16.275 Executing VM operation: ICBufferFull
Event: 16.275 Executing VM operation: ICBufferFull done
Event: 17.285 Executing VM operation: Cleanup
Event: 17.285 Executing VM operation: Cleanup done
Event: 20.073 Executing VM operation: HandshakeAllThreads
Event: 20.073 Executing VM operation: HandshakeAllThreads done
Event: 20.073 Executing VM operation: Cleanup
Event: 20.073 Executing VM operation: Cleanup done
Event: 21.000 Executing VM operation: HandshakeAllThreads
Event: 21.000 Executing VM operation: HandshakeAllThreads done
Event: 21.112 Executing VM operation: HandshakeAllThreads
Event: 21.112 Executing VM operation: HandshakeAllThreads done
Event: 21.112 Executing VM operation: Cleanup
Event: 21.112 Executing VM operation: Cleanup done
Event: 21.112 Executing VM operation: HandshakeAllThreads
Event: 21.112 Executing VM operation: HandshakeAllThreads done
Event: 21.113 Executing VM operation: HandshakeAllThreads
Event: 21.113 Executing VM operation: HandshakeAllThreads done

Memory protections (0 events):
No events

Nmethod flushes (20 events):
Event: 6.218 Thread 0x000001f8212faa50 flushing  nmethod 0x000001f80a852910
Event: 6.218 Thread 0x000001f8212faa50 flushing  nmethod 0x000001f80a853990
Event: 6.218 Thread 0x000001f8212faa50 flushing  nmethod 0x000001f80a854c90
Event: 6.218 Thread 0x000001f8212faa50 flushing  nmethod 0x000001f80a855b90
Event: 6.218 Thread 0x000001f8212faa50 flushing  nmethod 0x000001f80a855f90
Event: 6.218 Thread 0x000001f8212faa50 flushing  nmethod 0x000001f80a856390
Event: 6.218 Thread 0x000001f8212faa50 flushing  nmethod 0x000001f80a856a90
Event: 6.218 Thread 0x000001f8212faa50 flushing  nmethod 0x000001f80a856e90
Event: 6.218 Thread 0x000001f8212faa50 flushing  nmethod 0x000001f80a865290
Event: 6.219 Thread 0x000001f8212faa50 flushing  nmethod 0x000001f80a893290
Event: 6.219 Thread 0x000001f8212faa50 flushing  nmethod 0x000001f80a8b4190
Event: 6.219 Thread 0x000001f8212faa50 flushing  nmethod 0x000001f80a8b9a10
Event: 6.219 Thread 0x000001f8212faa50 flushing  nmethod 0x000001f80a8b9d10
Event: 6.219 Thread 0x000001f8212faa50 flushing  nmethod 0x000001f80a8ba010
Event: 6.219 Thread 0x000001f8212faa50 flushing  nmethod 0x000001f80a8ba310
Event: 6.219 Thread 0x000001f8212faa50 flushing  nmethod 0x000001f80a8be110
Event: 6.219 Thread 0x000001f8212faa50 flushing  nmethod 0x000001f80a8be510
Event: 6.219 Thread 0x000001f8212faa50 flushing  nmethod 0x000001f80a8be910
Event: 6.219 Thread 0x000001f8212faa50 flushing  nmethod 0x000001f80a8bff90
Event: 21.115 Thread 0x000001f8212faa50 flushing  nmethod 0x000001f811e78390

Events (20 events):
Event: 8.579 Thread 0x000001f80536ef80 Thread added: 0x000001f8298bcf90
Event: 8.682 Thread 0x000001f80536ef80 Thread added: 0x000001f829cca660
Event: 8.684 Thread 0x000001f80536ef80 Thread added: 0x000001f829cc9220
Event: 8.752 Thread 0x000001f827eb3020 Thread added: 0x000001f829ccab70
Event: 8.754 Thread 0x000001f827eb3020 Thread added: 0x000001f829cc9730
Event: 8.755 Thread 0x000001f827eb3020 Thread added: 0x000001f829cc9c40
Event: 13.771 Thread 0x000001f8215c1c10 Thread exited: 0x000001f8215c1c10
Event: 14.276 Thread 0x000001f80536ef80 Thread added: 0x000001f829cca150
Event: 14.298 Thread 0x000001f80536ef80 Thread added: 0x000001f828012910
Event: 14.307 Thread 0x000001f829cca150 Thread added: 0x000001f828012e20
Event: 14.353 Thread 0x000001f8212f42d0 Thread added: 0x000001f82631cb70
Event: 14.482 Thread 0x000001f82631cb70 Thread exited: 0x000001f82631cb70
Event: 14.554 Thread 0x000001f828012910 Thread added: 0x000001f8280119e0
Event: 15.909 Thread 0x000001f8212f81d0 Thread added: 0x000001f82631c620
Event: 16.292 Thread 0x000001f8212f81d0 Thread added: 0x000001f82631cb70
Event: 20.009 Thread 0x000001f82631cb70 Thread exited: 0x000001f82631cb70
Event: 20.010 Thread 0x000001f82631c620 Thread exited: 0x000001f82631c620
Event: 20.076 Thread 0x000001f8212f81d0 Thread added: 0x000001f82631d0c0
Event: 20.873 Thread 0x000001f82631d0c0 Thread exited: 0x000001f82631d0c0
Event: 21.026 Thread 0x000001f8212f81d0 Thread added: 0x000001f82631c620


Dynamic libraries:
0x00007ff7a47f0000 - 0x00007ff7a47fe000 	C:\Users\tiago\.katalon\packages\KSE-10.3.2\jre\bin\javaw.exe
0x00007ffec1040000 - 0x00007ffec12a8000 	C:\WINDOWS\SYSTEM32\ntdll.dll
0x00007ffec0110000 - 0x00007ffec01d9000 	C:\WINDOWS\System32\KERNEL32.DLL
0x00007ffebe840000 - 0x00007ffebec38000 	C:\WINDOWS\System32\KERNELBASE.dll
0x00007ffebe6f0000 - 0x00007ffebe83b000 	C:\WINDOWS\System32\ucrtbase.dll
0x00007ffe97ee0000 - 0x00007ffe97ef7000 	C:\Users\tiago\.katalon\packages\KSE-10.3.2\jre\bin\jli.dll
0x00007ffebede0000 - 0x00007ffebefa7000 	C:\WINDOWS\System32\USER32.dll
0x00007ffebec40000 - 0x00007ffebec67000 	C:\WINDOWS\System32\win32u.dll
0x00007ffec00e0000 - 0x00007ffec010b000 	C:\WINDOWS\System32\GDI32.dll
0x00007ffebe450000 - 0x00007ffebe57c000 	C:\WINDOWS\System32\gdi32full.dll
0x00007ffebe640000 - 0x00007ffebe6e3000 	C:\WINDOWS\System32\msvcp_win.dll
0x00007ffe97100000 - 0x00007ffe9711e000 	C:\Users\tiago\.katalon\packages\KSE-10.3.2\jre\bin\VCRUNTIME140.dll
0x00007ffea9cc0000 - 0x00007ffea9f54000 	C:\WINDOWS\WinSxS\amd64_microsoft.windows.common-controls_6595b64144ccf1df_6.0.26100.7019_none_3e06ffa0e335b8a8\COMCTL32.dll
0x00007ffec08b0000 - 0x00007ffec0959000 	C:\WINDOWS\System32\msvcrt.dll
0x00007ffec05e0000 - 0x00007ffec0611000 	C:\WINDOWS\System32\IMM32.DLL
0x00007ffeb8b10000 - 0x00007ffeb8b1c000 	C:\Users\tiago\.katalon\packages\KSE-10.3.2\jre\bin\vcruntime140_1.dll
0x00007ffe857a0000 - 0x00007ffe8582d000 	C:\Users\tiago\.katalon\packages\KSE-10.3.2\jre\bin\msvcp140.dll
0x00007ffe74430000 - 0x00007ffe7509b000 	C:\Users\tiago\.katalon\packages\KSE-10.3.2\jre\bin\server\jvm.dll
0x00007ffec0980000 - 0x00007ffec0a34000 	C:\WINDOWS\System32\ADVAPI32.dll
0x00007ffec0710000 - 0x00007ffec07b6000 	C:\WINDOWS\System32\sechost.dll
0x00007ffec03b0000 - 0x00007ffec04c8000 	C:\WINDOWS\System32\RPCRT4.dll
0x00007ffec0f80000 - 0x00007ffec0ff4000 	C:\WINDOWS\System32\WS2_32.dll
0x00007ffeadc70000 - 0x00007ffeadc7b000 	C:\WINDOWS\SYSTEM32\VERSION.dll
0x00007ffeaa1a0000 - 0x00007ffeaa1d5000 	C:\WINDOWS\SYSTEM32\WINMM.dll
0x00007ffebe010000 - 0x00007ffebe06e000 	C:\WINDOWS\SYSTEM32\POWRPROF.dll
0x00007ffebdff0000 - 0x00007ffebe004000 	C:\WINDOWS\SYSTEM32\UMPDC.dll
0x00007ffebcf10000 - 0x00007ffebcf2b000 	C:\WINDOWS\SYSTEM32\kernel.appcore.dll
0x00007ffebaf90000 - 0x00007ffebaf9a000 	C:\Users\tiago\.katalon\packages\KSE-10.3.2\jre\bin\jimage.dll
0x00007ffebb990000 - 0x00007ffebbbd2000 	C:\WINDOWS\SYSTEM32\DBGHELP.DLL
0x00007ffebfc50000 - 0x00007ffebffdb000 	C:\WINDOWS\System32\combase.dll
0x00007ffec0620000 - 0x00007ffec06f7000 	C:\WINDOWS\System32\OLEAUT32.dll
0x00007ffeaaea0000 - 0x00007ffeaaedc000 	C:\WINDOWS\SYSTEM32\dbgcore.DLL
0x00007ffebe3a0000 - 0x00007ffebe445000 	C:\WINDOWS\System32\bcryptPrimitives.dll
0x00007ffeaa020000 - 0x00007ffeaa045000 	C:\Users\tiago\.katalon\packages\KSE-10.3.2\jre\bin\java.dll
0x00007ffebabc0000 - 0x00007ffebabd8000 	C:\Users\tiago\.katalon\packages\KSE-10.3.2\jre\bin\zip.dll
0x00007ffebf060000 - 0x00007ffebf7af000 	C:\WINDOWS\System32\SHELL32.dll
0x00007ffebec70000 - 0x00007ffebeddb000 	C:\WINDOWS\System32\wintypes.dll
0x00007ffebbd70000 - 0x00007ffebc5cd000 	C:\WINDOWS\SYSTEM32\windows.storage.dll
0x00007ffec0c20000 - 0x00007ffec0d12000 	C:\WINDOWS\System32\SHCORE.dll
0x00007ffec0ec0000 - 0x00007ffec0f27000 	C:\WINDOWS\System32\shlwapi.dll
0x00007ffebe0b0000 - 0x00007ffebe0d9000 	C:\WINDOWS\SYSTEM32\profapi.dll
0x00007ffeb6ab0000 - 0x00007ffeb6ac9000 	C:\Users\tiago\.katalon\packages\KSE-10.3.2\jre\bin\net.dll
0x00007ffeb7230000 - 0x00007ffeb7358000 	C:\WINDOWS\SYSTEM32\WINHTTP.dll
0x00007ffebd460000 - 0x00007ffebd4cb000 	C:\WINDOWS\system32\mswsock.dll
0x00007ffeb6380000 - 0x00007ffeb6396000 	C:\Users\tiago\.katalon\packages\KSE-10.3.2\jre\bin\nio.dll
0x00007ffebab10000 - 0x00007ffebab20000 	C:\Users\tiago\.katalon\packages\KSE-10.3.2\jre\bin\verify.dll
0x00007ffeaa5e0000 - 0x00007ffeaa5e9000 	C:\Users\tiago\.katalon\packages\KSE-10.3.2\jre\bin\extnet.dll
0x00007ffebd850000 - 0x00007ffebd86b000 	C:\WINDOWS\SYSTEM32\CRYPTSP.dll
0x00007ffebce70000 - 0x00007ffebceaa000 	C:\WINDOWS\system32\rsaenh.dll
0x00007ffebd510000 - 0x00007ffebd53b000 	C:\WINDOWS\SYSTEM32\USERENV.dll
0x00007ffebe080000 - 0x00007ffebe0aa000 	C:\WINDOWS\SYSTEM32\bcrypt.dll
0x00007ffebd6b0000 - 0x00007ffebd6bc000 	C:\WINDOWS\SYSTEM32\CRYPTBASE.dll
0x00007ffebc900000 - 0x00007ffebc934000 	C:\WINDOWS\SYSTEM32\IPHLPAPI.DLL
0x00007ffec08a0000 - 0x00007ffec08aa000 	C:\WINDOWS\System32\NSI.dll
0x00007ffeb7690000 - 0x00007ffeb76ae000 	C:\WINDOWS\SYSTEM32\dhcpcsvc6.DLL
0x00007ffeb75c0000 - 0x00007ffeb75e3000 	C:\WINDOWS\SYSTEM32\dhcpcsvc.DLL
0x00007ffebc990000 - 0x00007ffebcabc000 	C:\WINDOWS\SYSTEM32\DNSAPI.dll
0x00007ffeb6080000 - 0x00007ffeb608b000 	C:\Windows\System32\rasadhlp.dll
0x00007ffeb7a50000 - 0x00007ffeb7ad6000 	C:\WINDOWS\System32\fwpuclnt.dll
0x00007ffeaa530000 - 0x00007ffeaa53a000 	C:\Users\tiago\.katalon\packages\KSE-10.3.2\jre\bin\management.dll
0x00007ffeaa520000 - 0x00007ffeaa52b000 	C:\Users\tiago\.katalon\packages\KSE-10.3.2\jre\bin\management_ext.dll
0x00007ffec0700000 - 0x00007ffec0708000 	C:\WINDOWS\System32\PSAPI.DLL
0x00007ffeb8b00000 - 0x00007ffeb8b0e000 	C:\Users\tiago\.katalon\packages\KSE-10.3.2\jre\bin\sunmscapi.dll
0x00007ffebe190000 - 0x00007ffebe307000 	C:\WINDOWS\System32\CRYPT32.dll
0x00007ffebd9a0000 - 0x00007ffebd9d0000 	C:\WINDOWS\SYSTEM32\ncrypt.dll
0x00007ffebd950000 - 0x00007ffebd98f000 	C:\WINDOWS\SYSTEM32\NTASN1.dll
0x00007ffeaa5d0000 - 0x00007ffeaa5d8000 	C:\WINDOWS\system32\wshunix.dll

dbghelp: loaded successfully - version: 4.0.5 - missing functions: none
symbol engine: initialized successfully - sym options: 0x614 - pdb path: .;C:\Users\tiago\.katalon\packages\KSE-10.3.2\jre\bin;C:\WINDOWS\SYSTEM32;C:\WINDOWS\WinSxS\amd64_microsoft.windows.common-controls_6595b64144ccf1df_6.0.26100.7019_none_3e06ffa0e335b8a8;C:\Users\tiago\.katalon\packages\KSE-10.3.2\jre\bin\server

VM Arguments:
jvm_args: -Dgroovy.home=C:\Users\tiago/.groovy -Djava.system.class.loader=groovy.lang.GroovyClassLoader -Xmx2048m -Dfile.encoding=UTF-8 -Dstdout.encoding=UTF-8 -Dstderr.encoding=UTF-8 -XX:+ShowCodeDetailsInExceptionMessages 
java_command: org.codehaus.groovy.tools.GroovyStarter --classpath C:\Users\tiago\Desktop\TAES\TAES_PROJECT_G4_TESTS\bin\keyword;C:\Users\tiago\Desktop\TAES\TAES_PROJECT_G4_TESTS\Keywords;C:\Users\tiago\Desktop\TAES\TAES_PROJECT_G4_TESTS\bin\listener;C:\Users\tiago\Desktop\TAES\TAES_PROJECT_G4_TESTS\Test Listeners;C:\Users\tiago\Desktop\TAES\TAES_PROJECT_G4_TESTS\bin\lib;C:\Users\tiago\Desktop\TAES\TAES_PROJECT_G4_TESTS\Libs;C:\Users\tiago\Desktop\TAES\TAES_PROJECT_G4_TESTS\bin\groovy;C:\Users\tiago\Desktop\TAES\TAES_PROJECT_G4_TESTS\Include\scripts\groovy;C:\Users\tiago\.katalon\packages\KSE-10.3.2\plugins\com.kms.katalon.core_1.0.0.202509300508.jar;C:\Users\tiago\.katalon\packages\KSE-10.3.2\configuration\resources\lib\aalto-xml-1.0.0.jar;C:\Users\tiago\.katalon\packages\KSE-10.3.2\configuration\resources\lib\aspectjweaver-1.9.1.jar;C:\Users\tiago\.katalon\packages\KSE-10.3.2\configuration\resources\lib\aws-2.20.3-fat.jar;C:\Users\tiago\.katalon\packages\KSE-10.3.2\configuration\resources\lib\browsermob-core-2.1.5.jar;C:\Users\tiago\.katalon\packages\KSE-10.3.2\configuration\resources\lib\byte-buddy-1.14.3.jar;C:\Users\tiago\.katalon\packages\KSE-10.3.2\configuration\resources\lib\byte-buddy-agent-1.14.3.jar;C:\Users\tiago\.katalon\packages\KSE-10.3.2\configuration\resources\lib\cglib-3.2.10.jar;C:\Users\tiago\.katalon\packages\KSE-10.3.2\configuration\resources\lib\commons-codec-1.10.jar;C:\Users\tiago\.katalon\packages\KSE-10.3.2\configuration\resources\lib\commons-collections4-4.1.jar;C:\Users\tiago\.katalon\packages\KSE-10.3.2\configuration\resources\lib\commons-javaflow-20060411.jar;C:\Users\tiago\.katalon\packages\KSE-10.3.2\configuration\resources\lib\commons-logging-1.3.4.jar;C:\Users\tiago\.katalon\packages\KSE-10.3.2\configuration\resources\lib\commons-validator-1.6.jar;C:\Users\tiago\.katalon\packages\KSE-10.3.2\configuration\resources\lib\curvesapi-1.04.jar;C:\Users\tiago\.katalon\packages\KSE-10.3.2\configuration\resources\lib\dnsjava-3.6.2.jar;C:\Us
java_class_path (initial): C:\Users\tiago\Desktop\TAES\TAES_PROJECT_G4_TESTS\bin\keyword;C:\Users\tiago\Desktop\TAES\TAES_PROJECT_G4_TESTS\bin\listener;C:\Users\tiago\Desktop\TAES\TAES_PROJECT_G4_TESTS\bin\lib;C:\Users\tiago\Desktop\TAES\TAES_PROJECT_G4_TESTS\bin\groovy;C:\Users\tiago\Desktop\TAES\TAES_PROJECT_G4_TESTS\bin;C:\Users\tiago\.katalon\packages\KSE-10.3.2\plugins\com.kms.katalon.core_1.0.0.202509300508.jar;C:\Users\tiago\.katalon\packages\KSE-10.3.2\configuration\resources\lib\aalto-xml-1.0.0.jar;C:\Users\tiago\.katalon\packages\KSE-10.3.2\configuration\resources\lib\aspectjweaver-1.9.1.jar;C:\Users\tiago\.katalon\packages\KSE-10.3.2\configuration\resources\lib\aws-2.20.3-fat.jar;C:\Users\tiago\.katalon\packages\KSE-10.3.2\configuration\resources\lib\browsermob-core-2.1.5.jar;C:\Users\tiago\.katalon\packages\KSE-10.3.2\configuration\resources\lib\byte-buddy-1.14.3.jar;C:\Users\tiago\.katalon\packages\KSE-10.3.2\configuration\resources\lib\byte-buddy-agent-1.14.3.jar;C:\Users\tiago\.katalon\packages\KSE-10.3.2\configuration\resources\lib\cglib-3.2.10.jar;C:\Users\tiago\.katalon\packages\KSE-10.3.2\configuration\resources\lib\commons-codec-1.10.jar;C:\Users\tiago\.katalon\packages\KSE-10.3.2\configuration\resources\lib\commons-collections4-4.1.jar;C:\Users\tiago\.katalon\packages\KSE-10.3.2\configuration\resources\lib\commons-javaflow-20060411.jar;C:\Users\tiago\.katalon\packages\KSE-10.3.2\configuration\resources\lib\commons-logging-1.3.4.jar;C:\Users\tiago\.katalon\packages\KSE-10.3.2\configuration\resources\lib\commons-validator-1.6.jar;C:\Users\tiago\.katalon\packages\KSE-10.3.2\configuration\resources\lib\curvesapi-1.04.jar;C:\Users\tiago\.katalon\packages\KSE-10.3.2\configuration\resources\lib\dnsjava-3.6.2.jar;C:\Users\tiago\.katalon\packages\KSE-10.3.2\configuration\resources\lib\ecj-3.21.0.jar;C:\Users\tiago\.katalon\packages\KSE-10.3.2\configuration\resources\lib\fontbox-3.0.4.jar;C:\Users\tiago\.katalon\packages\KSE-10.3.2\configuration\resourc
Launcher Type: SUN_STANDARD

[Global flags]
     intx CICompilerCount                          = 4                                         {product} {ergonomic}
     uint ConcGCThreads                            = 2                                         {product} {ergonomic}
     uint G1ConcRefinementThreads                  = 8                                         {product} {ergonomic}
   size_t G1HeapRegionSize                         = 1048576                                   {product} {ergonomic}
    uintx GCDrainStackTargetSize                   = 64                                        {product} {ergonomic}
   size_t InitialHeapSize                          = 127926272                                 {product} {ergonomic}
   size_t MarkStackSize                            = 4194304                                   {product} {ergonomic}
   size_t MaxHeapSize                              = 2147483648                                {product} {command line}
   size_t MaxNewSize                               = 1287651328                                {product} {ergonomic}
   size_t MinHeapDeltaBytes                        = 1048576                                   {product} {ergonomic}
   size_t MinHeapSize                              = 8388608                                   {product} {ergonomic}
    uintx NonNMethodCodeHeapSize                   = 5839372                                {pd product} {ergonomic}
    uintx NonProfiledCodeHeapSize                  = 122909434                              {pd product} {ergonomic}
    uintx ProfiledCodeHeapSize                     = 122909434                              {pd product} {ergonomic}
    uintx ReservedCodeCacheSize                    = 251658240                              {pd product} {ergonomic}
     bool SegmentedCodeCache                       = true                                      {product} {ergonomic}
     bool ShowCodeDetailsInExceptionMessages       = true                                   {manageable} {command line}
   size_t SoftMaxHeapSize                          = 2147483648                             {manageable} {ergonomic}
     bool UseCompressedClassPointers               = true                           {product lp64_product} {ergonomic}
     bool UseCompressedOops                        = true                           {product lp64_product} {ergonomic}
     bool UseG1GC                                  = true                                      {product} {ergonomic}
     bool UseLargePagesIndividualAllocation        = false                                  {pd product} {ergonomic}

Logging:
Log output configuration:
 #0: stdout all=warning uptime,level,tags
 #1: stderr all=off uptime,level,tags

Environment Variables:
JAVA_HOME=C:\Users\tiago\.jdks\temurin-17.0.17
PATH=C:/Users/tiago/.katalon/packages/KSE-10.3.2/jre/bin/server;C:/Users/tiago/.katalon/packages/KSE-10.3.2/jre/bin;C:\WINDOWS\system32;C:\WINDOWS;C:\WINDOWS\System32\Wbem;C:\WINDOWS\System32\WindowsPowerShell\v1.0\;C:\WINDOWS\System32\OpenSSH\;C:\Program Files\PuTTY\;C:\Program Files\php-8.3.12-Win32-vs16-x64;C:\ProgramData\ComposerSetup\bin;C:\Program Files\Docker\Docker\resources\bin;C:\ProgramData\chocolatey\bin;C:\ProgramData\chocolatey\lib\maven\apache-maven-3.9.11\bin;C:\Program Files\Git\cmd;C:\Program Files\nodejs\;C:\Program Files\MySQL\MySQL Shell 8.0\bin\;C:\Users\tiago\AppData\Local\Microsoft\WindowsApps;C:\Users\tiago\AppData\Local\Programs\Microsoft VS Code\bin;C:\Users\tiago\AppData\Roaming\Composer\vendor\bin;C:\Users\tiago\AppData\Local\GitHubDesktop\bin;C:\Program Files\JetBrains\IntelliJ IDEA 2025.2.1\bin;C:\Users\tiago\AppData\Roaming\npm;C:\Users\tiago\.jdks\temurin-17.0.17\bin;C:\Users\tiago\AppData\Local\Android\Sdk\platform-tools;C:\Users\tiago\AppData\Local\Android\Sdk\build-tools\36.1.0;;C:\Users\tiago\.katalon\packages\KSE-10.3.2;
USERNAME=tiago
OS=Windows_NT
PROCESSOR_IDENTIFIER=Intel64 Family 6 Model 126 Stepping 5, GenuineIntel
TMP=C:\Users\tiago\AppData\Local\Temp
TEMP=C:\Users\tiago\AppData\Local\Temp



Periodic native trim disabled


---------------  S Y S T E M  ---------------

OS:
 Windows 11 , 64 bit Build 26100 (10.0.26100.7019)
OS uptime: 2 days 10:02 hours
Hyper-V role detected

CPU: total 8 (initial active 8) (4 cores per cpu, 2 threads per core) family 6 model 126 stepping 5 microcode 0xbc, cx8, cmov, fxsr, ht, mmx, 3dnowpref, sse, sse2, sse3, ssse3, sse4.1, sse4.2, popcnt, lzcnt, tsc, tscinvbit, avx, avx2, aes, erms, clmul, bmi1, bmi2, adx, avx512f, avx512dq, avx512cd, avx512bw, avx512vl, sha, fma, vzeroupper, avx512_vpopcntdq, avx512_vpclmulqdq, avx512_vaes, avx512_vnni, clflush, clflushopt, avx512_vbmi2, avx512_vbmi, hv
Processor Information for all 8 processors :
  Max Mhz: 1190, Current Mhz: 991, Mhz Limit: 987

Memory: 4k page, system-wide physical 7778M (634M free)
TotalPageFile size 14502M (AvailPageFile size 3M)
current process WorkingSet (physical memory assigned to process): 253M, peak: 269M
current process commit charge ("private bytes"): 286M, peak: 303M

vm_info: OpenJDK 64-Bit Server VM (17.0.14+7) for windows-amd64 JRE (17.0.14+7), built on Jan 21 2025 23:40:15 by "admin" with MS VC++ 17.7 (VS2022)

END.
